Command: vcs -timescale=1ns/1fs -j4 -sverilog +v2k -full64 -Mupdate -R -debug_access+all \
-y /usr/cad/synopsys/synthesis/cur/dw/sim_ver/ +libext+.v -f filelist.f -o simv -l \
vcs.log -P /usr/cad/synopsys/verdi/2022.06/share/PLI/VCS/linux64/novas.tab /usr/cad/synopsys/verdi/2022.06/share/PLI/VCS/linux64/pli.a \
+define+RTL +define+ +notimingchecks
*** Using c compiler gcc instead of cc ...
                         Chronologic VCS (TM)
         Version T-2022.06_Full64 -- Wed Jul 23 20:45:23 2025

                    Copyright (c) 1991 - 2022 Synopsys, Inc.
   This software and the associated documentation are proprietary to Synopsys,
 Inc. This software may only be used in accordance with the terms and conditions
 of a written license agreement with Synopsys, Inc. All other use, reproduction,
   or distribution of this software is strictly prohibited.  Licensed Products
     communicate with Synopsys servers for the purpose of providing software
    updates, detecting software piracy and verifying that customers are using
    Licensed Products in conformity with the applicable License Key for such
  Licensed Products. Synopsys will use information gathered in connection with
    this process to deliver software updates and pursue software pirates and
                                   infringers.

 Inclusivity & Diversity - Visit SolvNetPlus to read the "Synopsys Statement on
            Inclusivity and Diversity" (Refer to article 000036315 at
                        https://solvnetplus.synopsys.com)

Parsing design file 'TESTBED.v'
Parsing included file 'PATTERN.v'.
Back to file 'TESTBED.v'.
Parsing included file 'FFT.v'.
Parsing included file 'RADIX2.v'.
Parsing included file 'DELAY_BUFFER.v'.
Back to file 'RADIX2.v'.
Parsing included file 'BUTTERFLY.v'.
Back to file 'RADIX2.v'.
Parsing included file 'FPC.v'.
Back to file 'RADIX2.v'.
Back to file 'FFT.v'.
Back to file 'TESTBED.v'.
Parsing library directory file '/usr/cad/synopsys/synthesis/cur/dw/sim_ver/DW_fp_add.v'
Parsing library directory file '/usr/cad/synopsys/synthesis/cur/dw/sim_ver/DW_fp_mult.v'
Parsing library directory file '/usr/cad/synopsys/synthesis/cur/dw/sim_ver/DW_fp_sub.v'
Parsing library directory file '/usr/cad/synopsys/synthesis/cur/dw/sim_ver/DW_fp_addsub.v'
Top Level Modules:
       TESTBED
TimeScale is 1 ns / 10 ps

Warning-[TFIPC] Too few instance port connections
FPC.v, 41
FPC_ADD, "DW_fp_add #(sig_width, exp_width, ieee_compliance) u_FPC_ADD_0( .a (a_re),  .b (b_re),  .rnd (rnd),  .z (d_re));"
  The above instance has fewer port connections than the module definition.
  Please use '+lint=TFIPC-L' to print out detailed information of unconnected 
  ports.


Warning-[TFIPC] Too few instance port connections
FPC.v, 44
FPC_ADD, "DW_fp_add #(sig_width, exp_width, ieee_compliance) u_FPC_ADD_1( .a (a_im),  .b (b_im),  .rnd (rnd),  .z (d_im));"
  The above instance has fewer port connections than the module definition.
  Please use '+lint=TFIPC-L' to print out detailed information of unconnected 
  ports.


Warning-[TFIPC] Too few instance port connections
FPC.v, 88
FPC_SUB, "DW_fp_sub #(sig_width, exp_width, ieee_compliance) u_FPC_SUB_0( .a (a_re),  .b (b_re),  .rnd (rnd),  .z (d_re));"
  The above instance has fewer port connections than the module definition.
  Please use '+lint=TFIPC-L' to print out detailed information of unconnected 
  ports.


Warning-[TFIPC] Too few instance port connections
FPC.v, 91
FPC_SUB, "DW_fp_sub #(sig_width, exp_width, ieee_compliance) u_FPC_SUB_1( .a (a_im),  .b (b_im),  .rnd (rnd),  .z (d_im));"
  The above instance has fewer port connections than the module definition.
  Please use '+lint=TFIPC-L' to print out detailed information of unconnected 
  ports.


Warning-[TFIPC] Too few instance port connections
FPC.v, 140
FPC_MUL, "DW_fp_mult #(sig_width, exp_width, ieee_compliance) u_FPC_MUL_0( .a (a_re),  .b (b_re),  .rnd (rnd),  .z (a_re_x_b_re));"
  The above instance has fewer port connections than the module definition.
  Please use '+lint=TFIPC-L' to print out detailed information of unconnected 
  ports.


Warning-[TFIPC] Too few instance port connections
FPC.v, 143
FPC_MUL, "DW_fp_mult #(sig_width, exp_width, ieee_compliance) u_FPC_MUL_1( .a (a_im),  .b (b_im),  .rnd (rnd),  .z (a_im_x_b_im));"
  The above instance has fewer port connections than the module definition.
  Please use '+lint=TFIPC-L' to print out detailed information of unconnected 
  ports.


Warning-[TFIPC] Too few instance port connections
FPC.v, 146
FPC_MUL, "DW_fp_mult #(sig_width, exp_width, ieee_compliance) u_FPC_MUL_2( .a (a_re),  .b (b_im),  .rnd (rnd),  .z (a_re_x_b_im));"
  The above instance has fewer port connections than the module definition.
  Please use '+lint=TFIPC-L' to print out detailed information of unconnected 
  ports.


Warning-[TFIPC] Too few instance port connections
FPC.v, 149
FPC_MUL, "DW_fp_mult #(sig_width, exp_width, ieee_compliance) u_FPC_MUL_3( .a (a_im),  .b (b_re),  .rnd (rnd),  .z (a_im_x_b_re));"
  The above instance has fewer port connections than the module definition.
  Please use '+lint=TFIPC-L' to print out detailed information of unconnected 
  ports.


Warning-[TFIPC] Too few instance port connections
FPC.v, 152
FPC_MUL, "DW_fp_sub #(sig_width, exp_width, ieee_compliance) u_FPC_SUB( .a (a_re_x_b_re),  .b (a_im_x_b_im),  .rnd (rnd),  .z (d_re));"
  The above instance has fewer port connections than the module definition.
  Please use '+lint=TFIPC-L' to print out detailed information of unconnected 
  ports.


Warning-[TFIPC] Too few instance port connections
FPC.v, 155
FPC_MUL, "DW_fp_add #(sig_width, exp_width, ieee_compliance) u_FPC_ADD( .a (a_re_x_b_im),  .b (a_im_x_b_re),  .rnd (rnd),  .z (d_im));"
  The above instance has fewer port connections than the module definition.
  Please use '+lint=TFIPC-L' to print out detailed information of unconnected 
  ports.


Warning-[PCWM-W] Port connection width mismatch
FPC.v, 41
"DW_fp_add #(sig_width, exp_width, ieee_compliance) u_FPC_ADD_0( .a (a_re),  .b (b_re),  .rnd (rnd),  .z (d_re));"
  The following 1-bit expression is connected to 3-bit port "rnd" of module 
  "DW_fp_add", instance "u_FPC_ADD_0".
  Expression: rnd
  Instantiated module defined at: 
  "/usr/cad/synopsys/synthesis/cur/dw/sim_ver/DW_fp_add.v", 64
  Use +lint=PCWM for more details.


Warning-[PCWM-W] Port connection width mismatch
FPC.v, 44
"DW_fp_add #(sig_width, exp_width, ieee_compliance) u_FPC_ADD_1( .a (a_im),  .b (b_im),  .rnd (rnd),  .z (d_im));"
  The following 1-bit expression is connected to 3-bit port "rnd" of module 
  "DW_fp_add", instance "u_FPC_ADD_1".
  Expression: rnd
  Instantiated module defined at: 
  "/usr/cad/synopsys/synthesis/cur/dw/sim_ver/DW_fp_add.v", 64
  Use +lint=PCWM for more details.


Warning-[PCWM-W] Port connection width mismatch
FPC.v, 88
"DW_fp_sub #(sig_width, exp_width, ieee_compliance) u_FPC_SUB_0( .a (a_re),  .b (b_re),  .rnd (rnd),  .z (d_re));"
  The following 1-bit expression is connected to 3-bit port "rnd" of module 
  "DW_fp_sub", instance "u_FPC_SUB_0".
  Expression: rnd
  Instantiated module defined at: 
  "/usr/cad/synopsys/synthesis/cur/dw/sim_ver/DW_fp_sub.v", 61
  Use +lint=PCWM for more details.


Warning-[PCWM-W] Port connection width mismatch
FPC.v, 91
"DW_fp_sub #(sig_width, exp_width, ieee_compliance) u_FPC_SUB_1( .a (a_im),  .b (b_im),  .rnd (rnd),  .z (d_im));"
  The following 1-bit expression is connected to 3-bit port "rnd" of module 
  "DW_fp_sub", instance "u_FPC_SUB_1".
  Expression: rnd
  Instantiated module defined at: 
  "/usr/cad/synopsys/synthesis/cur/dw/sim_ver/DW_fp_sub.v", 61
  Use +lint=PCWM for more details.


Warning-[PCWM-W] Port connection width mismatch
FPC.v, 140
"DW_fp_mult #(sig_width, exp_width, ieee_compliance) u_FPC_MUL_0( .a (a_re),  .b (b_re),  .rnd (rnd),  .z (a_re_x_b_re));"
  The following 1-bit expression is connected to 3-bit port "rnd" of module 
  "DW_fp_mult", instance "u_FPC_MUL_0".
  Expression: rnd
  Instantiated module defined at: 
  "/usr/cad/synopsys/synthesis/cur/dw/sim_ver/DW_fp_mult.v", 88
  Use +lint=PCWM for more details.


Warning-[PCWM-W] Port connection width mismatch
FPC.v, 143
"DW_fp_mult #(sig_width, exp_width, ieee_compliance) u_FPC_MUL_1( .a (a_im),  .b (b_im),  .rnd (rnd),  .z (a_im_x_b_im));"
  The following 1-bit expression is connected to 3-bit port "rnd" of module 
  "DW_fp_mult", instance "u_FPC_MUL_1".
  Expression: rnd
  Instantiated module defined at: 
  "/usr/cad/synopsys/synthesis/cur/dw/sim_ver/DW_fp_mult.v", 88
  Use +lint=PCWM for more details.


Warning-[PCWM-W] Port connection width mismatch
FPC.v, 146
"DW_fp_mult #(sig_width, exp_width, ieee_compliance) u_FPC_MUL_2( .a (a_re),  .b (b_im),  .rnd (rnd),  .z (a_re_x_b_im));"
  The following 1-bit expression is connected to 3-bit port "rnd" of module 
  "DW_fp_mult", instance "u_FPC_MUL_2".
  Expression: rnd
  Instantiated module defined at: 
  "/usr/cad/synopsys/synthesis/cur/dw/sim_ver/DW_fp_mult.v", 88
  Use +lint=PCWM for more details.


Warning-[PCWM-W] Port connection width mismatch
FPC.v, 149
"DW_fp_mult #(sig_width, exp_width, ieee_compliance) u_FPC_MUL_3( .a (a_im),  .b (b_re),  .rnd (rnd),  .z (a_im_x_b_re));"
  The following 1-bit expression is connected to 3-bit port "rnd" of module 
  "DW_fp_mult", instance "u_FPC_MUL_3".
  Expression: rnd
  Instantiated module defined at: 
  "/usr/cad/synopsys/synthesis/cur/dw/sim_ver/DW_fp_mult.v", 88
  Use +lint=PCWM for more details.


Warning-[PCWM-W] Port connection width mismatch
FPC.v, 152
"DW_fp_sub #(sig_width, exp_width, ieee_compliance) u_FPC_SUB( .a (a_re_x_b_re),  .b (a_im_x_b_im),  .rnd (rnd),  .z (d_re));"
  The following 1-bit expression is connected to 3-bit port "rnd" of module 
  "DW_fp_sub", instance "u_FPC_SUB".
  Expression: rnd
  Instantiated module defined at: 
  "/usr/cad/synopsys/synthesis/cur/dw/sim_ver/DW_fp_sub.v", 61
  Use +lint=PCWM for more details.


Warning-[PCWM-W] Port connection width mismatch
FPC.v, 155
"DW_fp_add #(sig_width, exp_width, ieee_compliance) u_FPC_ADD( .a (a_re_x_b_im),  .b (a_im_x_b_re),  .rnd (rnd),  .z (d_im));"
  The following 1-bit expression is connected to 3-bit port "rnd" of module 
  "DW_fp_add", instance "u_FPC_ADD".
  Expression: rnd
  Instantiated module defined at: 
  "/usr/cad/synopsys/synthesis/cur/dw/sim_ver/DW_fp_add.v", 64
  Use +lint=PCWM for more details.

Starting vcs inline pass...


Note-[VCS_PARAL] Parallel code-gen enabled
  VCS is running with parallel code generation(-j)...

9 modules and 0 UDP read.
recompiling module PATTERN
	However, due to incremental compilation, only 1 module needs to be compiled. 
make[1]: Entering directory `/home/daniel_kuo/Falcon/hardware/fft/01_RTL/csrc'
rm -f _cuarc*.so _csrc*.so pre_vcsobj_*.so share_vcsobj_*.so
ld -shared  -Bsymbolic   -o .//../simv.daidir//_cuarc0.so objs/amcQw_d.o 
rm -f _cuarc0.so
if [ -x ../simv ]; then chmod a-x ../simv; fi
g++  -o ../simv      -rdynamic  -Wl,-rpath='$ORIGIN'/simv.daidir -Wl,-rpath=./simv.daidir \
-Wl,-rpath=/usr/cad/synopsys/vcs/2022.06/linux64/lib -L/usr/cad/synopsys/vcs/2022.06/linux64/lib \
-Wl,-rpath-link=./  /usr/lib64/libnuma.so.1     _15413_archive_1.so _15443_archive_1.so \
_prev_archive_1.so _cuarc0.so  SIM_l.o      rmapats_mop.o rmapats.o rmar.o rmar_nd.o \
rmar_llvm_0_1.o rmar_llvm_0_0.o           -lvirsim -lerrorinf -lsnpsmalloc -lvfs \
/usr/cad/synopsys/verdi/2022.06/share/PLI/VCS/linux64/pli.a    -lvcsnew -lsimprofile \
-luclinative /usr/cad/synopsys/vcs/2022.06/linux64/lib/vcs_tls.o   -Wl,-whole-archive \
-lvcsucli    -Wl,-no-whole-archive        _vcs_pli_stub_.o   /usr/cad/synopsys/vcs/2022.06/linux64/lib/vcs_save_restore_new.o \
/usr/cad/synopsys/verdi/2022.06//share/PLI/VCS/LINUX64/pli.a -ldl -lm  -lc -lpthread \
-ldl 
../simv up to date
make[1]: Leaving directory `/home/daniel_kuo/Falcon/hardware/fft/01_RTL/csrc'
Command: /home/daniel_kuo/Falcon/hardware/fft/01_RTL/./simv +v2k +libext+.v -a vcs.log +define+RTL +define+ +notimingchecks
Chronologic VCS simulator copyright 1991-2022
Contains Synopsys proprietary information.
Compiler version T-2022.06_Full64; Runtime version T-2022.06_Full64;  Jul 23 20:45 2025
*Verdi* Loading libsscore_vcs202206.so
FSDB Dumper for VCS, Release Verdi_T-2022.06, Linux x86_64/64bit, 05/29/2022
(C) 1996 - 2022 by Synopsys, Inc.
*Verdi* FSDB WARNING: The FSDB file already exists. Overwriting the FSDB file may crash the programs that are using this file.
*Verdi* : Create FSDB file 'FFT.fsdb'
*Verdi* : Begin traversing the scopes, layer (0).
*Verdi* : Enable +mda dumping.
*Verdi* : End of traversing.
PASS PATTERN NO.   1,  272 CYCLES
PASS PATTERN NO.   2,  272 CYCLES
PASS PATTERN NO.   3,  272 CYCLES
PASS PATTERN NO.   4,  272 CYCLES
PASS PATTERN NO.   5,  272 CYCLES
PASS PATTERN NO.   6,  272 CYCLES
PASS PATTERN NO.   7,  272 CYCLES
PASS PATTERN NO.   8,  272 CYCLES
PASS PATTERN NO.   9,  272 CYCLES
PASS PATTERN NO.  10,  272 CYCLES
PASS PATTERN NO.  11,  272 CYCLES
PASS PATTERN NO.  12,  272 CYCLES
PASS PATTERN NO.  13,  272 CYCLES
PASS PATTERN NO.  14,  272 CYCLES
PASS PATTERN NO.  15,  272 CYCLES
PASS PATTERN NO.  16,  272 CYCLES
PASS PATTERN NO.  17,  272 CYCLES
PASS PATTERN NO.  18,  272 CYCLES
PASS PATTERN NO.  19,  272 CYCLES
PASS PATTERN NO.  20,  272 CYCLES
PASS PATTERN NO.  21,  272 CYCLES
PASS PATTERN NO.  22,  272 CYCLES
PASS PATTERN NO.  23,  272 CYCLES
PASS PATTERN NO.  24,  272 CYCLES
PASS PATTERN NO.  25,  272 CYCLES
PASS PATTERN NO.  26,  272 CYCLES
PASS PATTERN NO.  27,  272 CYCLES
PASS PATTERN NO.  28,  272 CYCLES
PASS PATTERN NO.  29,  272 CYCLES
PASS PATTERN NO.  30,  272 CYCLES
PASS PATTERN NO.  31,  272 CYCLES
PASS PATTERN NO.  32,  272 CYCLES
PASS PATTERN NO.  33,  272 CYCLES
PASS PATTERN NO.  34,  272 CYCLES
PASS PATTERN NO.  35,  272 CYCLES
PASS PATTERN NO.  36,  272 CYCLES
PASS PATTERN NO.  37,  272 CYCLES
PASS PATTERN NO.  38,  272 CYCLES
PASS PATTERN NO.  39,  272 CYCLES
PASS PATTERN NO.  40,  272 CYCLES
PASS PATTERN NO.  41,  272 CYCLES
PASS PATTERN NO.  42,  272 CYCLES
PASS PATTERN NO.  43,  272 CYCLES
PASS PATTERN NO.  44,  272 CYCLES
PASS PATTERN NO.  45,  272 CYCLES
PASS PATTERN NO.  46,  272 CYCLES
PASS PATTERN NO.  47,  272 CYCLES
PASS PATTERN NO.  48,  272 CYCLES
PASS PATTERN NO.  49,  272 CYCLES
PASS PATTERN NO.  50,  272 CYCLES
PASS PATTERN NO.  51,  272 CYCLES
PASS PATTERN NO.  52,  272 CYCLES
PASS PATTERN NO.  53,  272 CYCLES
PASS PATTERN NO.  54,  272 CYCLES
PASS PATTERN NO.  55,  272 CYCLES
PASS PATTERN NO.  56,  272 CYCLES
PASS PATTERN NO.  57,  272 CYCLES
PASS PATTERN NO.  58,  272 CYCLES
PASS PATTERN NO.  59,  272 CYCLES
PASS PATTERN NO.  60,  272 CYCLES
PASS PATTERN NO.  61,  272 CYCLES
PASS PATTERN NO.  62,  272 CYCLES
PASS PATTERN NO.  63,  272 CYCLES
PASS PATTERN NO.  64,  272 CYCLES
PASS PATTERN NO.  65,  272 CYCLES
PASS PATTERN NO.  66,  272 CYCLES
PASS PATTERN NO.  67,  272 CYCLES
PASS PATTERN NO.  68,  272 CYCLES
PASS PATTERN NO.  69,  272 CYCLES
PASS PATTERN NO.  70,  272 CYCLES
PASS PATTERN NO.  71,  272 CYCLES
PASS PATTERN NO.  72,  272 CYCLES
PASS PATTERN NO.  73,  272 CYCLES
PASS PATTERN NO.  74,  272 CYCLES
PASS PATTERN NO.  75,  272 CYCLES
PASS PATTERN NO.  76,  272 CYCLES
PASS PATTERN NO.  77,  272 CYCLES
PASS PATTERN NO.  78,  272 CYCLES
PASS PATTERN NO.  79,  272 CYCLES
PASS PATTERN NO.  80,  272 CYCLES
PASS PATTERN NO.  81,  272 CYCLES
PASS PATTERN NO.  82,  272 CYCLES
PASS PATTERN NO.  83,  272 CYCLES
PASS PATTERN NO.  84,  272 CYCLES
PASS PATTERN NO.  85,  272 CYCLES
PASS PATTERN NO.  86,  272 CYCLES
PASS PATTERN NO.  87,  272 CYCLES
PASS PATTERN NO.  88,  272 CYCLES
PASS PATTERN NO.  89,  272 CYCLES
PASS PATTERN NO.  90,  272 CYCLES
PASS PATTERN NO.  91,  272 CYCLES
PASS PATTERN NO.  92,  272 CYCLES
PASS PATTERN NO.  93,  272 CYCLES
PASS PATTERN NO.  94,  272 CYCLES
PASS PATTERN NO.  95,  272 CYCLES
PASS PATTERN NO.  96,  272 CYCLES
PASS PATTERN NO.  97,  272 CYCLES
PASS PATTERN NO.  98,  272 CYCLES
PASS PATTERN NO.  99,  272 CYCLES
PASS PATTERN NO. 100,  272 CYCLES
PASS PATTERN NO. 101,  272 CYCLES
PASS PATTERN NO. 102,  272 CYCLES
PASS PATTERN NO. 103,  272 CYCLES
PASS PATTERN NO. 104,  272 CYCLES
PASS PATTERN NO. 105,  272 CYCLES
PASS PATTERN NO. 106,  272 CYCLES
PASS PATTERN NO. 107,  272 CYCLES
PASS PATTERN NO. 108,  272 CYCLES
PASS PATTERN NO. 109,  272 CYCLES
PASS PATTERN NO. 110,  272 CYCLES
PASS PATTERN NO. 111,  272 CYCLES
PASS PATTERN NO. 112,  272 CYCLES
PASS PATTERN NO. 113,  272 CYCLES
PASS PATTERN NO. 114,  272 CYCLES
PASS PATTERN NO. 115,  272 CYCLES
PASS PATTERN NO. 116,  272 CYCLES
PASS PATTERN NO. 117,  272 CYCLES
PASS PATTERN NO. 118,  272 CYCLES
PASS PATTERN NO. 119,  272 CYCLES
PASS PATTERN NO. 120,  272 CYCLES
PASS PATTERN NO. 121,  272 CYCLES
PASS PATTERN NO. 122,  272 CYCLES
PASS PATTERN NO. 123,  272 CYCLES
PASS PATTERN NO. 124,  272 CYCLES
PASS PATTERN NO. 125,  272 CYCLES
PASS PATTERN NO. 126,  272 CYCLES
PASS PATTERN NO. 127,  272 CYCLES
PASS PATTERN NO. 128,  272 CYCLES
PASS PATTERN NO. 129,  272 CYCLES
PASS PATTERN NO. 130,  272 CYCLES
PASS PATTERN NO. 131,  272 CYCLES
PASS PATTERN NO. 132,  272 CYCLES
PASS PATTERN NO. 133,  272 CYCLES
PASS PATTERN NO. 134,  272 CYCLES
PASS PATTERN NO. 135,  272 CYCLES
PASS PATTERN NO. 136,  272 CYCLES
PASS PATTERN NO. 137,  272 CYCLES
PASS PATTERN NO. 138,  272 CYCLES
PASS PATTERN NO. 139,  272 CYCLES
PASS PATTERN NO. 140,  272 CYCLES
PASS PATTERN NO. 141,  272 CYCLES
PASS PATTERN NO. 142,  272 CYCLES
PASS PATTERN NO. 143,  272 CYCLES
PASS PATTERN NO. 144,  272 CYCLES
PASS PATTERN NO. 145,  272 CYCLES
PASS PATTERN NO. 146,  272 CYCLES
PASS PATTERN NO. 147,  272 CYCLES
PASS PATTERN NO. 148,  272 CYCLES
PASS PATTERN NO. 149,  272 CYCLES
PASS PATTERN NO. 150,  272 CYCLES
PASS PATTERN NO. 151,  272 CYCLES
PASS PATTERN NO. 152,  272 CYCLES
PASS PATTERN NO. 153,  272 CYCLES
PASS PATTERN NO. 154,  272 CYCLES
PASS PATTERN NO. 155,  272 CYCLES
PASS PATTERN NO. 156,  272 CYCLES
PASS PATTERN NO. 157,  272 CYCLES
PASS PATTERN NO. 158,  272 CYCLES
PASS PATTERN NO. 159,  272 CYCLES
PASS PATTERN NO. 160,  272 CYCLES
PASS PATTERN NO. 161,  272 CYCLES
PASS PATTERN NO. 162,  272 CYCLES
PASS PATTERN NO. 163,  272 CYCLES
PASS PATTERN NO. 164,  272 CYCLES
PASS PATTERN NO. 165,  272 CYCLES
PASS PATTERN NO. 166,  272 CYCLES
PASS PATTERN NO. 167,  272 CYCLES
PASS PATTERN NO. 168,  272 CYCLES
PASS PATTERN NO. 169,  272 CYCLES
PASS PATTERN NO. 170,  272 CYCLES
PASS PATTERN NO. 171,  272 CYCLES
PASS PATTERN NO. 172,  272 CYCLES
PASS PATTERN NO. 173,  272 CYCLES
PASS PATTERN NO. 174,  272 CYCLES
PASS PATTERN NO. 175,  272 CYCLES
PASS PATTERN NO. 176,  272 CYCLES
PASS PATTERN NO. 177,  272 CYCLES
PASS PATTERN NO. 178,  272 CYCLES
PASS PATTERN NO. 179,  272 CYCLES
PASS PATTERN NO. 180,  272 CYCLES
PASS PATTERN NO. 181,  272 CYCLES
PASS PATTERN NO. 182,  272 CYCLES
PASS PATTERN NO. 183,  272 CYCLES
PASS PATTERN NO. 184,  272 CYCLES
PASS PATTERN NO. 185,  272 CYCLES
PASS PATTERN NO. 186,  272 CYCLES
PASS PATTERN NO. 187,  272 CYCLES
PASS PATTERN NO. 188,  272 CYCLES
PASS PATTERN NO. 189,  272 CYCLES
PASS PATTERN NO. 190,  272 CYCLES
PASS PATTERN NO. 191,  272 CYCLES
PASS PATTERN NO. 192,  272 CYCLES
PASS PATTERN NO. 193,  272 CYCLES
PASS PATTERN NO. 194,  272 CYCLES
PASS PATTERN NO. 195,  272 CYCLES
PASS PATTERN NO. 196,  272 CYCLES
PASS PATTERN NO. 197,  272 CYCLES
PASS PATTERN NO. 198,  272 CYCLES
PASS PATTERN NO. 199,  272 CYCLES
PASS PATTERN NO. 200,  272 CYCLES
PASS PATTERN NO. 201,  272 CYCLES
PASS PATTERN NO. 202,  272 CYCLES
PASS PATTERN NO. 203,  272 CYCLES
PASS PATTERN NO. 204,  272 CYCLES
PASS PATTERN NO. 205,  272 CYCLES
PASS PATTERN NO. 206,  272 CYCLES
PASS PATTERN NO. 207,  272 CYCLES
PASS PATTERN NO. 208,  272 CYCLES
PASS PATTERN NO. 209,  272 CYCLES
PASS PATTERN NO. 210,  272 CYCLES
PASS PATTERN NO. 211,  272 CYCLES
PASS PATTERN NO. 212,  272 CYCLES
PASS PATTERN NO. 213,  272 CYCLES
PASS PATTERN NO. 214,  272 CYCLES
PASS PATTERN NO. 215,  272 CYCLES
PASS PATTERN NO. 216,  272 CYCLES
PASS PATTERN NO. 217,  272 CYCLES
PASS PATTERN NO. 218,  272 CYCLES
PASS PATTERN NO. 219,  272 CYCLES
PASS PATTERN NO. 220,  272 CYCLES
PASS PATTERN NO. 221,  272 CYCLES
PASS PATTERN NO. 222,  272 CYCLES
PASS PATTERN NO. 223,  272 CYCLES
PASS PATTERN NO. 224,  272 CYCLES
PASS PATTERN NO. 225,  272 CYCLES
PASS PATTERN NO. 226,  272 CYCLES
PASS PATTERN NO. 227,  272 CYCLES
PASS PATTERN NO. 228,  272 CYCLES
PASS PATTERN NO. 229,  272 CYCLES
PASS PATTERN NO. 230,  272 CYCLES
PASS PATTERN NO. 231,  272 CYCLES
PASS PATTERN NO. 232,  272 CYCLES
PASS PATTERN NO. 233,  272 CYCLES
PASS PATTERN NO. 234,  272 CYCLES
PASS PATTERN NO. 235,  272 CYCLES
--------------------------------------------------------------------
                         Congratulations!                           
                  You have passed all patterns!                     
                  Your execution cycles = 63920 cycles                
                  Your clock period = 2.0 ns                       
                  Total Latency = 127840.0 ns                           
--------------------------------------------------------------------
$finish called from file "PATTERN.v", line 1394.
$finish at simulation time             54926100
           V C S   S i m u l a t i o n   R e p o r t 
Time: 549261000 ps
CPU Time:     37.900 seconds;       Data structure size:   0.4Mb
Wed Jul 23 20:45:44 2025
CPU time: .528 seconds to compile + .236 seconds to elab + .288 seconds to link + 37.947 seconds in simulation
