#======================================================
#
# Synopsys Synthesis Scripts (Design Vision dctcl mode)
#
#======================================================
#======================================================
# (A) Global Parameters
#======================================================
set DESIGN "POLY_SMALL_MKGAUSS"
POLY_SMALL_MKGAUSS
set CYCLE 2.0
2.0
set INPUT_DLY [expr 0.5*$CYCLE]
1.0
set OUTPUT_DLY [expr 0.5*$CYCLE]
1.0
#======================================================
# (B) Read RTL Code
#======================================================
# (B-1) analyze + elaborate
set hdlin_auto_save_templates TRUE
TRUE
analyze -f sverilog $DESIGN\.v 
Running PRESTO HDLC
Compiling source file ../01_RTL/POLY_SMALL_MKGAUSS.v
Opening include file ../01_RTL/MKGAUSS.v
Presto compilation completed successfully.
Loading db file '/cell_base_lib/CBDK_TSMC40_Arm_f2.0/CIC/SynopsysDC/db/sc9_base_rvt/sc9_cln40g_base_rvt_ss_typical_max_0p81v_125c.db'
Loading db file '/cell_base_lib/CBDK_TSMC40_Arm_f2.0/CIC/SynopsysDC/db/sc9_base_hvt/sc9_cln40g_base_hvt_ss_typical_max_0p81v_125c.db'
Loading db file '/cell_base_lib/CBDK_TSMC40_Arm_f2.0/CIC/SynopsysDC/db/sc9_base_lvt/sc9_cln40g_base_lvt_ss_typical_max_0p81v_125c.db'
Loading db file '/usr/cad/synopsys/synthesis/cur/libraries/syn/dw_foundation.sldb'
Loading db file '/usr/cad/synopsys/synthesis/cur/libraries/syn/standard.sldb'
1
elaborate $DESIGN  
Loading db file '/usr/cad/synopsys/synthesis/2022.03/libraries/syn/gtech.db'
Loading db file '/usr/cad/synopsys/synthesis/2022.03/libraries/syn/standard.sldb'
  Loading link library 'sc9_cln40g_base_rvt_ss_typical_max_0p81v_125c'
  Loading link library 'sc9_cln40g_base_hvt_ss_typical_max_0p81v_125c'
  Loading link library 'sc9_cln40g_base_lvt_ss_typical_max_0p81v_125c'
  Loading link library 'gtech'
Running PRESTO HDLC
Warning:  ../01_RTL/POLY_SMALL_MKGAUSS.v:81: signed to unsigned conversion occurs. (VER-318)
Warning:  ../01_RTL/POLY_SMALL_MKGAUSS.v:101: signed to unsigned conversion occurs. (VER-318)
Warning:  ../01_RTL/POLY_SMALL_MKGAUSS.v:118: signed to unsigned conversion occurs. (VER-318)
Warning:  ../01_RTL/POLY_SMALL_MKGAUSS.v:152: signed to unsigned conversion occurs. (VER-318)
Warning:  ../01_RTL/POLY_SMALL_MKGAUSS.v:163: unsigned to signed assignment occurs. (VER-318)

Inferred memory devices in process
        in routine POLY_SMALL_MKGAUSS line 132 in file
                '../01_RTL/POLY_SMALL_MKGAUSS.v'.
===============================================================================
|    Register Name    |   Type    | Width | Bus | MB | AR | AS | SR | SS | ST |
===============================================================================
|     ena_reg_reg     | Flip-flop |   1   |  N  | N  | Y  | N  | N  | N  | N  |
|     cnt_reg_reg     | Flip-flop |   9   |  Y  | N  | Y  | N  | N  | N  | N  |
|    mod2_reg_reg     | Flip-flop |   1   |  N  | N  | Y  | N  | N  | N  | N  |
|   mkgauss_ena_reg   | Flip-flop |   1   |  N  | N  | Y  | N  | N  | N  | N  |
===============================================================================
Presto compilation completed successfully. (POLY_SMALL_MKGAUSS)
Elaborated 1 design.
Current design is now 'POLY_SMALL_MKGAUSS'.
Information: Building the design 'MKGAUSS'. (HDL-193)
Warning:  ../01_RTL/MKGAUSS.v:91: signed to unsigned conversion occurs. (VER-318)
Warning:  ../01_RTL/MKGAUSS.v:244: signed to unsigned conversion occurs. (VER-318)

Statistics for case statements in always block at line 150 in file
        '../01_RTL/MKGAUSS.v'
===============================================
|           Line           |  full/ parallel  |
===============================================
|           151            |    auto/auto     |
===============================================

Inferred memory devices in process
        in routine MKGAUSS line 211 in file
                '../01_RTL/MKGAUSS.v'.
===============================================================================
|    Register Name    |   Type    | Width | Bus | MB | AR | AS | SR | SS | ST |
===============================================================================
|     cnt_reg_reg     | Flip-flop |   2   |  Y  | N  | Y  | N  | N  | N  | N  |
===============================================================================

Inferred memory devices in process
        in routine MKGAUSS line 223 in file
                '../01_RTL/MKGAUSS.v'.
===============================================================================
|    Register Name    |   Type    | Width | Bus | MB | AR | AS | SR | SS | ST |
===============================================================================
|   rng_extract_reg   | Flip-flop |   1   |  N  | N  | Y  | N  | N  | N  | N  |
===============================================================================

Inferred memory devices in process
        in routine MKGAUSS line 239 in file
                '../01_RTL/MKGAUSS.v'.
===============================================================================
|    Register Name    |   Type    | Width | Bus | MB | AR | AS | SR | SS | ST |
===============================================================================
|    val_valid_reg    | Flip-flop |   1   |  N  | N  | Y  | N  | N  | N  | N  |
===============================================================================

Inferred memory devices in process
        in routine MKGAUSS line 255 in file
                '../01_RTL/MKGAUSS.v'.
===============================================================================
|    Register Name    |   Type    | Width | Bus | MB | AR | AS | SR | SS | ST |
===============================================================================
|       val_reg       | Flip-flop |  32   |  Y  | N  | Y  | N  | N  | N  | N  |
===============================================================================
Presto compilation completed successfully. (MKGAUSS)
1
# (B-2) read_sverilog
# read_sverilog $DESIGN\.v
# (B-3) set current design
current_design $DESIGN
Current design is 'POLY_SMALL_MKGAUSS'.
{POLY_SMALL_MKGAUSS}
link

  Linking design 'POLY_SMALL_MKGAUSS'
  Using the following designs and libraries:
  --------------------------------------------------------------------------
  * (2 designs)               /home/daniel_kuo/Falcon/hardware/poly_small_mkgauss/02_SYN/POLY_SMALL_MKGAUSS.db, etc
  sc9_cln40g_base_rvt_ss_typical_max_0p81v_125c (library) /cell_base_lib/CBDK_TSMC40_Arm_f2.0/CIC/SynopsysDC/db/sc9_base_rvt/sc9_cln40g_base_rvt_ss_typical_max_0p81v_125c.db
  sc9_cln40g_base_hvt_ss_typical_max_0p81v_125c (library) /cell_base_lib/CBDK_TSMC40_Arm_f2.0/CIC/SynopsysDC/db/sc9_base_hvt/sc9_cln40g_base_hvt_ss_typical_max_0p81v_125c.db
  sc9_cln40g_base_lvt_ss_typical_max_0p81v_125c (library) /cell_base_lib/CBDK_TSMC40_Arm_f2.0/CIC/SynopsysDC/db/sc9_base_lvt/sc9_cln40g_base_lvt_ss_typical_max_0p81v_125c.db
  dw_foundation.sldb (library) /usr/cad/synopsys/synthesis/cur/libraries/syn/dw_foundation.sldb

1
#======================================================
#  (C) Global Setting
#======================================================
set_wire_load_mode top
1
# set_operating_conditions -max WCCOM -min BCCOM
# set_wire_load_model -name umc18_wl10 -library slow
#======================================================
#  (D) Set Design Constraints
#======================================================
# (D-1) Setting Clock Constraints
create_clock -name clk -period $CYCLE [get_ports clk] 
1
set_dont_touch_network             [get_clocks clk]
1
set_fix_hold                       [get_clocks clk]
1
set_clock_uncertainty       0.1    [get_clocks clk]
1
# set_clock_latency   -source 0      [get_clocks clk]
# set_clock_latency           1      [get_clocks clk] 
set_input_transition        0.5    [all_inputs] 
1
set_clock_transition        0.1    [all_clocks] 
1
# (D-2) Setting in/out Constraints
set_input_delay   -max  $INPUT_DLY  -clock clk   [all_inputs] ;  # set_up time check 
1
set_input_delay   -min  0           -clock clk   [all_inputs] ;  # hold   time check 
1
set_output_delay  -max  $OUTPUT_DLY -clock clk   [all_outputs] ; # set_up time check 
1
set_output_delay  -min  0           -clock clk   [all_outputs] ; # hold   time check 
1
set_input_delay 0 -clock clk clk
1
set_input_delay 0 -clock clk rst_n
1
#set_max_delay $CYCLE -from [all_inputs] -to [all_outputs]
# (D-3) Setting Design Environment
# set_driving_cell -library umc18io3v5v_slow -lib_cell P2C    -pin {Y}  [get_ports clk]
# set_driving_cell -library umc18io3v5v_slow -lib_cell P2C    -pin {Y}  [remove_from_collection [all_inputs] [get_ports clk]]
# set_load  [load_of "umc18io3v5v_slow/P8C/A"]       [all_outputs] ; # ~= 0.038
set_load 0.05 [all_outputs]
1
# (D-4) Setting DRC Constraint
#set_max_delay           0     ; # Optimize delay max effort                 
#set_max_area            0      ; # Optimize area max effort           
set_max_transition      3       [all_inputs]   ; # U18 LUT Max Transition Value  
1
set_max_capacitance     0.15    [all_inputs]   ; # U18 LUT Max Capacitance Value
1
set_max_fanout          10      [all_inputs]
1
# set_dont_use slow/JKFF*
#set_dont_touch [get_cells core_reg_macro]
#set hdlin_ff_always_sync_set_reset true
# (D-5) Report Clock skew
report_clock -skew clk
Information: Checking out the license 'DesignWare'. (SEC-104)
Information: Updating design information... (UID-85)
Warning: Design 'POLY_SMALL_MKGAUSS' contains 2 high-fanout nets. A fanout number of 1000 will be used for delay calculations involving these nets. (TIM-134)
 
****************************************
Report : clock_skew
Design : POLY_SMALL_MKGAUSS
Version: T-2022.03
Date   : Thu Jul 17 20:42:41 2025
****************************************

                 Rise      Fall  Min Rise  Min fall        Uncertainty
Object          Delay     Delay     Delay     Delay     Plus      Minus
--------------------------------------------------------------------------------
clk                 -         -         -         -      0.10      0.10

                 Max Transition      Min Transition
Object           Rise      Fall      Rise      Fall
-------------------------------------------------------
clk              0.10      0.10      0.10      0.10
1
check_timing

Information: Checking generated_clocks...

Information: Checking loops...

Information: Checking no_input_delay...

Information: Checking unconstrained_endpoints...

Information: Checking pulse_clock_cell_type...

Information: Checking no_driving_cell...

Information: Checking partial_input_delay...
1
#======================================================
#  (E) Optimization
#======================================================
check_design > Report/$DESIGN\.check
set_fix_multiple_port_nets -all -buffer_constants [get_designs *]
1
set_fix_hold [all_clocks]
1
compile_ultra
Information: Performing power optimization. (PWR-850)
Alib files are up-to-date.
Information: Running optimization using a maximum of 4 cores. (OPT-1500)
Information: Evaluating DesignWare library utilization. (UISN-27)

============================================================================
| DesignWare Building Block Library  |         Version         | Available |
============================================================================
| Basic DW Building Blocks           | S-2021.06-DWBB_202106.0 |     *     |
| Licensed DW Building Blocks        | S-2021.06-DWBB_202106.0 |     *     |
============================================================================

====================================================================================================
| Flow Information                                                                                 |
----------------------------------------------------------------------------------------------------
| Flow         | Design Compiler NXT WLM                                                           |
| Comand line  | compile_ultra                                                                     |
====================================================================================================
| Design Information                                      | Value                                  |
====================================================================================================
| Number of Scenarios                                     | 0                                      |
| Leaf Cell Count                                         | 1002                                   |
| Number of User Hierarchies                              | 1                                      |
| Sequential Cell Count                                   | 48                                     |
| Macro Count                                             | 0                                      |
| Number of Power Domains                                 | 0                                      |
| Number of Path Groups                                   | 2                                      |
| Number of VT class                                      | 0                                      |
| Number of Clocks                                        | 1                                      |
| Number of Dont Touch cells                              | 139                                    |
| Number of Dont Touch nets                               | 2                                      |
| Number of size only cells                               | 0                                      |
| Design with UPF Data                                    | false                                  |
----------------------------------------------------------------------------------------------------
| Variables                                               | Value                                  |
----------------------------------------------------------------------------------------------------
| set_fix_multiple_port_nets                              | -all -buffer_constants                 |
====================================================================================================
Information: Sequential output inversion is enabled.  SVF file must be used for formal verification. (OPT-1208)

Information: There are 30 potential problems in your design. Please run 'check_design' for more information. (LINT-99)

  Simplifying Design 'POLY_SMALL_MKGAUSS'

Loaded alib file './alib-52/sc9_cln40g_base_rvt_ss_typical_max_0p81v_125c.db.alib' (placeholder)
Loaded alib file './alib-52/sc9_cln40g_base_hvt_ss_typical_max_0p81v_125c.db.alib'
Loaded alib file './alib-52/sc9_cln40g_base_lvt_ss_typical_max_0p81v_125c.db.alib' (placeholder)
  Building model 'DW01_NAND2'
Information: Ungrouping 0 of 2 hierarchies before Pass 1 (OPT-775)
Information: State dependent leakage is now switched from on to off.

  Beginning Pass 1 Mapping
  ------------------------
  Processing 'MKGAUSS'
Information: Added key list 'DesignWare' to design 'MKGAUSS'. (DDB-72)
 Implement Synthetic for 'MKGAUSS'.
  Processing 'POLY_SMALL_MKGAUSS'
 Implement Synthetic for 'POLY_SMALL_MKGAUSS'.

  Updating timing information
Information: Updating design information... (UID-85)
Information: The library cell 'TIELO_X1M_A9TR' in the library 'sc9_cln40g_base_rvt_ss_typical_max_0p81v_125c' is not characterized for internal power. (PWR-536)
Information: The library cell 'TIEHI_X1M_A9TR' in the library 'sc9_cln40g_base_rvt_ss_typical_max_0p81v_125c' is not characterized for internal power. (PWR-536)
Information: The library cell 'TIELO_X1M_A9TH' in the library 'sc9_cln40g_base_hvt_ss_typical_max_0p81v_125c' is not characterized for internal power. (PWR-536)
Information: The library cell 'TIEHI_X1M_A9TH' in the library 'sc9_cln40g_base_hvt_ss_typical_max_0p81v_125c' is not characterized for internal power. (PWR-536)
Information: The library cell 'TIELO_X1M_A9TL' in the library 'sc9_cln40g_base_lvt_ss_typical_max_0p81v_125c' is not characterized for internal power. (PWR-536)
Information: The library cell 'TIEHI_X1M_A9TL' in the library 'sc9_cln40g_base_lvt_ss_typical_max_0p81v_125c' is not characterized for internal power. (PWR-536)
Information: The target library(s) contains cell(s), other than black boxes, that are not characterized for internal power. (PWR-24)
Information: The register 'u_MKGAUSS/cnt_reg_reg[1]' is a constant and will be removed. (OPT-1206)

  Beginning Mapping Optimizations  (Ultra High effort)
  -------------------------------
Information: Added key list 'DesignWare' to design 'POLY_SMALL_MKGAUSS'. (DDB-72)
Information: Ungrouping hierarchy u_MKGAUSS 'MKGAUSS' #insts = 998. (OPT-777)
  Mapping Optimization (Phase 1)
  Mapping Optimization (Phase 2)

                                  TOTAL                                                            
   ELAPSED            WORST NEG   SETUP    DESIGN                              LEAKAGE   MIN DELAY 
    TIME      AREA      SLACK     COST    RULE COST         ENDPOINT            POWER      COST    
  --------- --------- --------- --------- --------- ------------------------- --------- -----------
    0:00:17    4387.4      0.06       1.9       6.0                            165.9484      0.00  
    0:00:17    4371.6      0.08       2.5       6.0                            165.3494      0.00  

  Beginning Constant Register Removal
  -----------------------------------
    0:00:18    4371.6      0.08       2.5       6.0                            165.3494      0.00  
    0:00:18    4371.6      0.08       2.5       6.0                            165.3494      0.00  

  Beginning Global Optimizations
  ------------------------------
  Numerical Synthesis (Phase 1)
  Numerical Synthesis (Phase 2)
  Global Optimization (Phase 1)
  Global Optimization (Phase 2)
  Global Optimization (Phase 3)
  Global Optimization (Phase 4)
  Global Optimization (Phase 5)
  Global Optimization (Phase 6)
  Global Optimization (Phase 7)
  Global Optimization (Phase 8)
  Global Optimization (Phase 9)
  Global Optimization (Phase 10)
  Global Optimization (Phase 11)
  Global Optimization (Phase 12)
  Global Optimization (Phase 13)
  Global Optimization (Phase 14)
  Global Optimization (Phase 15)
  Global Optimization (Phase 16)
  Global Optimization (Phase 17)
  Global Optimization (Phase 18)
  Global Optimization (Phase 19)
  Global Optimization (Phase 20)
  Global Optimization (Phase 21)
  Global Optimization (Phase 22)
  Global Optimization (Phase 23)
  Global Optimization (Phase 24)
  Global Optimization (Phase 25)
  Global Optimization (Phase 26)
  Global Optimization (Phase 27)
  Global Optimization (Phase 28)
  Global Optimization (Phase 29)
  Global Optimization (Phase 30)
  Global Optimization (Phase 31)
  Mapping 'POLY_SMALL_MKGAUSS_DP_OP_59_126_4390_2'
Information: The register 'u_MKGAUSS/val_reg[31]' will be removed. (OPT-1207)
Information: The register 'u_MKGAUSS/val_reg[30]' will be removed. (OPT-1207)
Information: The register 'u_MKGAUSS/val_reg[29]' will be removed. (OPT-1207)
Information: The register 'u_MKGAUSS/val_reg[28]' will be removed. (OPT-1207)
Information: The register 'u_MKGAUSS/val_reg[27]' will be removed. (OPT-1207)
Information: The register 'u_MKGAUSS/val_reg[26]' will be removed. (OPT-1207)
Information: The register 'u_MKGAUSS/val_reg[25]' will be removed. (OPT-1207)
Information: The register 'u_MKGAUSS/val_reg[24]' will be removed. (OPT-1207)
Information: The register 'u_MKGAUSS/val_reg[23]' will be removed. (OPT-1207)
Information: The register 'u_MKGAUSS/val_reg[22]' will be removed. (OPT-1207)
Information: The register 'u_MKGAUSS/val_reg[21]' will be removed. (OPT-1207)
Information: The register 'u_MKGAUSS/val_reg[20]' will be removed. (OPT-1207)
Information: The register 'u_MKGAUSS/val_reg[19]' will be removed. (OPT-1207)
Information: The register 'u_MKGAUSS/val_reg[18]' will be removed. (OPT-1207)
Information: The register 'u_MKGAUSS/val_reg[17]' will be removed. (OPT-1207)
Information: The register 'u_MKGAUSS/val_reg[16]' will be removed. (OPT-1207)
Information: The register 'u_MKGAUSS/val_reg[15]' will be removed. (OPT-1207)
Information: The register 'u_MKGAUSS/val_reg[14]' will be removed. (OPT-1207)
Information: The register 'u_MKGAUSS/val_reg[13]' will be removed. (OPT-1207)
Information: The register 'u_MKGAUSS/val_reg[12]' will be removed. (OPT-1207)
Information: The register 'u_MKGAUSS/val_reg[11]' will be removed. (OPT-1207)
Information: The register 'u_MKGAUSS/val_reg[10]' will be removed. (OPT-1207)
Information: The register 'u_MKGAUSS/val_reg[9]' will be removed. (OPT-1207)
Information: The register 'u_MKGAUSS/val_reg[8]' will be removed. (OPT-1207)

  Beginning Isolate Ports
  -----------------------

  Beginning Delay Optimization
  ----------------------------
    0:00:19    1397.3      0.39       2.6       6.0                             38.7317      0.00  
    0:00:19    1565.4      0.16       1.1       6.0                             47.2269      0.00  
    0:00:19    1565.4      0.16       1.1       6.0                             47.2269      0.00  
    0:00:19    1583.3      0.15       1.5       6.0                             48.5096      0.00  
    0:00:19    1583.1      0.15       1.5       6.0                             48.4999      0.00  
    0:00:19    1583.1      0.15       1.5       6.0                             48.4999      0.00  

  Beginning WLM Backend Optimization
  --------------------------------------
    0:00:20    1557.4      0.15       1.5       6.0                             46.6299      0.00  
    0:00:20    1776.5      0.09       0.8       6.0                             58.6549      0.00  
    0:00:20    1776.5      0.09       0.8       6.0                             58.6549      0.00  
    0:00:20    1763.4      0.09       0.8       6.0                             54.9119      0.00  
    0:00:20    1763.4      0.09       0.8       6.0                             54.9119      0.00  
    0:00:20    1864.7      0.08       0.7       6.0                             59.6444      0.00  
    0:00:20    1864.7      0.08       0.7       6.0                             59.6444      0.00  
    0:00:20    1955.0      0.03       0.2       6.0                             63.4835      0.00  
    0:00:20    1955.0      0.03       0.2       6.0                             63.4835      0.00  
    0:00:21    2059.8      0.02       0.1       6.0                             68.4408      0.00  
    0:00:21    2059.8      0.02       0.1       6.0                             68.4408      0.00  
    0:00:21    2070.2      0.00       0.0       6.0                             69.1821      0.00  
    0:00:21    2070.2      0.00       0.0       6.0                             69.1821      0.00  
    0:00:21    2070.2      0.00       0.0       6.0                             69.1821      0.00  
    0:00:21    2070.2      0.00       0.0       6.0                             69.1821      0.00  
    0:00:21    2070.2      0.00       0.0       6.0                             69.1821      0.00  
    0:00:21    2070.2      0.00       0.0       6.0                             69.1821      0.00  
    0:00:21    2070.2      0.00       0.0       6.0                             69.1821      0.00  
    0:00:21    2070.2      0.00       0.0       6.0                             69.1821      0.00  
    0:00:21    2070.2      0.00       0.0       6.0                             69.1821      0.00  
    0:00:21    2070.2      0.00       0.0       6.0                             69.1821      0.00  
    0:00:21    2070.2      0.00       0.0       6.0                             69.1821      0.00  


  Beginning Design Rule Fixing  (max_fanout)
  ----------------------------

                                  TOTAL                                                            
   ELAPSED            WORST NEG   SETUP    DESIGN                              LEAKAGE   MIN DELAY 
    TIME      AREA      SLACK     COST    RULE COST         ENDPOINT            POWER      COST    
  --------- --------- --------- --------- --------- ------------------------- --------- -----------
    0:00:21    2070.2      0.00       0.0       6.0                             69.1821      0.00  
  Global Optimization (Phase 32)
  Global Optimization (Phase 33)
  Global Optimization (Phase 34)
    0:00:21    2097.0      0.00       0.0       0.0                             70.9740      0.00  
    0:00:21    2097.0      0.00       0.0       0.0                             70.9740      0.00  


  Beginning Leakage Power Optimization  (max_leakage_power 0)
  ------------------------------------

                                  TOTAL                                                            
   ELAPSED            WORST NEG   SETUP    DESIGN                              LEAKAGE   MIN DELAY 
    TIME      AREA      SLACK     COST    RULE COST         ENDPOINT            POWER      COST    
  --------- --------- --------- --------- --------- ------------------------- --------- -----------
    0:00:21    2097.0      0.00       0.0       0.0                             70.9740      0.00  
  Global Optimization (Phase 35)
  Global Optimization (Phase 36)
  Global Optimization (Phase 37)
  Global Optimization (Phase 38)
  Global Optimization (Phase 39)
  Global Optimization (Phase 40)
  Global Optimization (Phase 41)
  Global Optimization (Phase 42)
  Global Optimization (Phase 43)
  Global Optimization (Phase 44)
  Global Optimization (Phase 45)
  Global Optimization (Phase 46)
  Global Optimization (Phase 47)
  Global Optimization (Phase 48)
    0:00:21    2154.8      0.00       0.0       0.0                             70.3415      0.00  
    0:00:21    2154.8      0.00       0.0       0.0                             70.3415      0.00  
    0:00:21    2154.8      0.00       0.0       0.0                             70.3415      0.00  
    0:00:22    2015.6      0.00       0.0       0.0                             61.2816      0.00  
    0:00:22    2015.6      0.00       0.0       0.0                             61.2816      0.00  
    0:00:22    2015.6      0.00       0.0       0.0                             61.2816      0.00  
    0:00:22    2015.6      0.00       0.0       0.0                             61.2816      0.00  
    0:00:22    2015.6      0.00       0.0       0.0                             61.2816      0.00  
    0:00:22    2015.6      0.00       0.0       0.0                             61.2816      0.00  
    0:00:22    2015.6      0.00       0.0       0.0                             61.2816      0.00  
    0:00:22    2015.6      0.00       0.0       0.0                             61.2816      0.00  
    0:00:22    2015.6      0.00       0.0       0.0                             61.2816      0.00  
    0:00:22    2015.6      0.00       0.0       0.0                             61.2816      0.00  
    0:00:22    2015.6      0.00       0.0       0.0                             61.2816      0.00  
    0:00:22    2015.6      0.00       0.0       0.0                             61.2816      0.00  
    0:00:22    2015.6      0.00       0.0       0.0                             61.2816      0.00  
    0:00:22    2015.6      0.00       0.0       0.0                             61.2816      0.00  
    0:00:22    2015.6      0.00       0.0       0.0                             61.2816      0.00  
    0:00:22    2015.6      0.00       0.0       0.0                             61.2816      0.00  
    0:00:22    2015.6      0.00       0.0       0.0                             61.2816      0.00  
    0:00:22    2015.6      0.00       0.0       0.0                             61.2816      0.00  
    0:00:22    2015.6      0.00       0.0       0.0                             61.2816      0.00  

                                  TOTAL                                                            
   ELAPSED            WORST NEG   SETUP    DESIGN                              LEAKAGE   MIN DELAY 
    TIME      AREA      SLACK     COST    RULE COST         ENDPOINT            POWER      COST    
  --------- --------- --------- --------- --------- ------------------------- --------- -----------
    0:00:22    2012.2      0.00       0.0       0.0                             61.2759      0.00  
    0:00:22    1562.2      0.00       0.0       0.0                             48.2410      0.00  
    0:00:22    1562.2      0.00       0.0       0.0                             48.2410      0.00  
    0:00:22    1562.2      0.00       0.0       0.0                             48.2410      0.00  
    0:00:23    1584.2      0.00       0.0       0.0                             45.6140      0.00  

  Beginning Delay Optimization HSVT Pass
  --------------------------------------
    0:00:24    1584.2      0.00       0.0       0.0                             45.6140      0.00  
    0:00:24    1584.2      0.00       0.0       0.0                             45.6140      0.00  
    0:00:24    1584.2      0.00       0.0       0.0                             45.6140      0.00  
    0:00:24    1584.2      0.00       0.0       0.0                             45.6140      0.00  
    0:00:25    1584.2      0.00       0.0       0.0                             45.6140      0.00  
    0:00:25    1584.2      0.00       0.0       0.0                             45.6140      0.00  
    0:00:25    1584.2      0.00       0.0       0.0                             45.6140      0.00  
    0:00:25    1584.2      0.00       0.0       0.0                             45.6140      0.00  
    0:00:27    1583.1      0.00       0.0       0.0                             45.1022      0.00  
    0:00:27    1583.1      0.00       0.0       0.0                             45.1022      0.00  
    0:00:27    1583.1      0.00       0.0       0.0                             45.1022      0.00  
    0:00:27    1583.1      0.00       0.0       0.0                             45.1022      0.00  
    0:00:27    1583.1      0.00       0.0       0.0                             45.1024      0.00  
    0:00:27    1583.1      0.00       0.0       0.0                             45.1024      0.00  
    0:00:28    1487.4      0.00       0.0       0.0                             41.0770      0.00  
Loading db file '/cell_base_lib/CBDK_TSMC40_Arm_f2.0/CIC/SynopsysDC/db/sc9_base_rvt/sc9_cln40g_base_rvt_ss_typical_max_0p81v_125c.db'
Loading db file '/cell_base_lib/CBDK_TSMC40_Arm_f2.0/CIC/SynopsysDC/db/sc9_base_hvt/sc9_cln40g_base_hvt_ss_typical_max_0p81v_125c.db'
Loading db file '/cell_base_lib/CBDK_TSMC40_Arm_f2.0/CIC/SynopsysDC/db/sc9_base_lvt/sc9_cln40g_base_lvt_ss_typical_max_0p81v_125c.db'


Note: Symbol # after min delay cost means estimated hold TNS across all active scenarios 


  Optimization Complete
  ---------------------
Information: State dependent leakage is now switched from off to on.
Information: Propagating switching activity (low effort zero delay simulation). (PWR-6)
1
#uniquify
#compile
#======================================================
#  (F) Output Reports 
#======================================================
report_design  >  Report/$DESIGN\.design
report_resource >  Report/$DESIGN\.resource
report_timing -max_paths 3 >  Report/$DESIGN\.timing
report_area >  Report/$DESIGN\.area
report_power > Report/$DESIGN\.power
report_clock > Report/$DESIGN\.clock
report_port >  Report/$DESIGN\.port
report_power >  Report/$DESIGN\.power
#report_reference > Report/$DESIGN\.reference
#======================================================
#  (G) Change Naming Rule
#======================================================
set bus_inference_style "%s\[%d\]"
%s[%d]
set bus_naming_style "%s\[%d\]"
%s[%d]
set hdlout_internal_busses true
true
change_names -hierarchy -rule verilog
Warning: The specified replacement character (_) is conflicting with the specified allowed or restricted character.   (UCN-4)
1
define_name_rules name_rule -allowed "a-z A-Z 0-9 _" -max_length 255 -type cell
1
define_name_rules name_rule -allowed "a-z A-Z 0-9 _[]" -max_length 255 -type net
1
define_name_rules name_rule -map {{"\\*cell\\*" "cell"}}
1
define_name_rules name_rule -case_insensitive
1
change_names -hierarchy -rules name_rule
1
#======================================================
#  (H) Output Results
#======================================================
set verilogout_higher_designs_first true
true
write -format verilog -output Netlist/$DESIGN\_SYN.v -hierarchy
Writing verilog file '/home/daniel_kuo/Falcon/hardware/poly_small_mkgauss/02_SYN/Netlist/POLY_SMALL_MKGAUSS_SYN.v'.
1
write -format ddc     -hierarchy -output $DESIGN\_SYN.ddc
Writing ddc file 'POLY_SMALL_MKGAUSS_SYN.ddc'.
1
write_sdf -version 3.0 -context verilog -load_delay cell Netlist/$DESIGN\_SYN.sdf -significant_digits 6
Information: Writing timing information to file '/home/daniel_kuo/Falcon/hardware/poly_small_mkgauss/02_SYN/Netlist/POLY_SMALL_MKGAUSS_SYN.sdf'. (WT-3)
1
write_sdc Netlist/$DESIGN\_SYN.sdc
1
#======================================================
#  (I) Finish and Quit
#======================================================
report_area
 
****************************************
Report : area
Design : POLY_SMALL_MKGAUSS
Version: T-2022.03
Date   : Thu Jul 17 20:43:15 2025
****************************************

Library(s) Used:

    sc9_cln40g_base_lvt_ss_typical_max_0p81v_125c (File: /cell_base_lib/CBDK_TSMC40_Arm_f2.0/CIC/SynopsysDC/db/sc9_base_lvt/sc9_cln40g_base_lvt_ss_typical_max_0p81v_125c.db)
    sc9_cln40g_base_hvt_ss_typical_max_0p81v_125c (File: /cell_base_lib/CBDK_TSMC40_Arm_f2.0/CIC/SynopsysDC/db/sc9_base_hvt/sc9_cln40g_base_hvt_ss_typical_max_0p81v_125c.db)
    sc9_cln40g_base_rvt_ss_typical_max_0p81v_125c (File: /cell_base_lib/CBDK_TSMC40_Arm_f2.0/CIC/SynopsysDC/db/sc9_base_rvt/sc9_cln40g_base_rvt_ss_typical_max_0p81v_125c.db)

Number of ports:                          142
Number of nets:                          1008
Number of cells:                          880
Number of combinational cells:            857
Number of sequential cells:                23
Number of macros/black boxes:               0
Number of buf/inv:                        206
Number of references:                     287

Combinational area:               1377.583185
Buf/Inv area:                      196.862399
Noncombinational area:             109.771198
Macro/Black Box area:                0.000000
Net Interconnect area:               0.000000

Total cell area:                  1487.354383
Total area:                       1487.354383
1
report_timing 
 
****************************************
Report : timing
        -path full
        -delay max
        -max_paths 1
Design : POLY_SMALL_MKGAUSS
Version: T-2022.03
Date   : Thu Jul 17 20:43:15 2025
****************************************

Operating Conditions: ss_typical_max_0p81v_125c   Library: sc9_cln40g_base_rvt_ss_typical_max_0p81v_125c
Wire Load Model Mode: top

  Startpoint: rng[74] (input port clocked by clk)
  Endpoint: u_MKGAUSS_val_reg_4_
            (rising edge-triggered flip-flop clocked by clk)
  Path Group: clk
  Path Type: max

  Des/Clust/Port     Wire Load Model       Library
  ------------------------------------------------
  POLY_SMALL_MKGAUSS Small                 sc9_cln40g_base_rvt_ss_typical_max_0p81v_125c

  Point                                                   Incr       Path
  --------------------------------------------------------------------------
  clock clk (rise edge)                                   0.00       0.00
  clock network delay (ideal)                             0.00       0.00
  input external delay                                    1.00       1.00 f
  rng[74] (in)                                            0.00       1.00 f
  U742/Y (INV_X16M_A9TL)                                  0.06       1.06 r
  U565/Y (INV_X3P5M_A9TL)                                 0.04       1.09 f
  U619/Y (INV_X1M_A9TL)                                   0.05       1.14 r
  U547/Y (INV_X1P7M_A9TR)                                 0.03       1.17 f
  U437/Y (NAND2XB_X2M_A9TL)                               0.02       1.19 r
  U529/Y (AOI21_X2M_A9TL)                                 0.02       1.22 f
  U525/Y (OAI21_X3M_A9TL)                                 0.04       1.25 r
  U515/Y (AO21A1AI2_X3M_A9TL)                             0.04       1.30 f
  U505/Y (AO21A1AI2_X3M_A9TL)                             0.05       1.35 r
  U588/Y (AO21A1AI2_X3M_A9TL)                             0.05       1.40 f
  U497/Y (AOI31_X3M_A9TL)                                 0.05       1.45 r
  U226/Y (OAI21_X4M_A9TL)                                 0.05       1.50 f
  U224/Y (INV_X3P5B_A9TL)                                 0.02       1.52 r
  U223/Y (NOR2_X4A_A9TL)                                  0.02       1.54 f
  U663/Y (NAND2_X4M_A9TL)                                 0.03       1.57 r
  U359/Y (AO1B2_X2M_A9TL)                                 0.02       1.59 f
  U488/Y (INV_X2P5M_A9TL)                                 0.03       1.62 r
  U746/Y (NAND3_X6A_A9TL)                                 0.03       1.65 f
  U745/Y (XOR2_X4M_A9TL)                                  0.04       1.69 f
  U671/Y (NAND2_X6M_A9TL)                                 0.03       1.72 r
  U762/Y (OAI21_X8M_A9TL)                                 0.03       1.75 f
  U482/Y (INV_X6M_A9TL)                                   0.02       1.76 r
  U771/Y (NAND2_X8M_A9TL)                                 0.02       1.79 f
  U765/Y (AO1B2_X6M_A9TL)                                 0.03       1.82 f
  U289/Y (XOR2_X1P4M_A9TL)                                0.03       1.85 f
  U288/Y (AOI21B_X2M_A9TL)                                0.04       1.89 r
  u_MKGAUSS_val_reg_4_/D (DFFSRPQ_X2M_A9TL)               0.00       1.89 r
  data arrival time                                                  1.89

  clock clk (rise edge)                                   2.00       2.00
  clock network delay (ideal)                             0.00       2.00
  clock uncertainty                                      -0.10       1.90
  u_MKGAUSS_val_reg_4_/CK (DFFSRPQ_X2M_A9TL)              0.00       1.90 r
  library setup time                                     -0.01       1.89
  data required time                                                 1.89
  --------------------------------------------------------------------------
  data required time                                                 1.89
  data arrival time                                                 -1.89
  --------------------------------------------------------------------------
  slack (MET)                                                        0.00


1
exit

Memory usage for this session 825 Mbytes.
Memory usage for this session including child processes 968 Mbytes.
CPU usage for this session 38 seconds ( 0.01 hours ).
Elapsed time for this session 37 seconds ( 0.01 hours ).

Thank you...

