#======================================================
#
# Synopsys Synthesis Scripts (Design Vision dctcl mode)
#
#======================================================
#======================================================
# (A) Global Parameters
#======================================================
set DESIGN "FFT"
FFT
set CYCLE 2.1
2.1
set INPUT_DLY [expr 0.5*$CYCLE]
1.05
set OUTPUT_DLY [expr 0.5*$CYCLE]
1.05
#======================================================
# (B) Read RTL Code
#======================================================
# (B-1) analyze + elaborate
set hdlin_auto_save_templates TRUE
TRUE
analyze -f sverilog $DESIGN\.v 
Running PRESTO HDLC
Compiling source file ../01_RTL/FFT.v
Opening include file ../01_RTL/RADIX2.v
Opening include file ../01_RTL/DELAY_BUFFER.v
Opening include file ../01_RTL/BUTTERFLY.v
Opening include file ../01_RTL/FPC.v
Warning:  ../01_RTL/RADIX2.v:45: Parameter keyword used in local parameter declaration. (VER-329)
Presto compilation completed successfully.
Loading db file '/cell_base_lib/CBDK_TSMC40_Arm_f2.0/CIC/SynopsysDC/db/sc9_base_rvt/sc9_cln40g_base_rvt_ss_typical_max_0p81v_125c.db'
Loading db file '/cell_base_lib/CBDK_TSMC40_Arm_f2.0/CIC/SynopsysDC/db/sc9_base_hvt/sc9_cln40g_base_hvt_ss_typical_max_0p81v_125c.db'
Loading db file '/cell_base_lib/CBDK_TSMC40_Arm_f2.0/CIC/SynopsysDC/db/sc9_base_lvt/sc9_cln40g_base_lvt_ss_typical_max_0p81v_125c.db'
Loading db file '/usr/cad/synopsys/synthesis/cur/libraries/syn/dw_foundation.sldb'
Loading db file '/usr/cad/synopsys/synthesis/cur/libraries/syn/standard.sldb'
1
elaborate $DESIGN  
Loading db file '/usr/cad/synopsys/synthesis/2022.03/libraries/syn/gtech.db'
Loading db file '/usr/cad/synopsys/synthesis/2022.03/libraries/syn/standard.sldb'
  Loading link library 'sc9_cln40g_base_rvt_ss_typical_max_0p81v_125c'
  Loading link library 'sc9_cln40g_base_hvt_ss_typical_max_0p81v_125c'
  Loading link library 'sc9_cln40g_base_lvt_ss_typical_max_0p81v_125c'
  Loading link library 'gtech'
Running PRESTO HDLC

Inferred memory devices in process
        in routine FFT line 224 in file
                '../01_RTL/FFT.v'.
===============================================================================
|    Register Name    |   Type    | Width | Bus | MB | AR | AS | SR | SS | ST |
===============================================================================
|   s_im_8_reg_reg    | Flip-flop |  64   |  Y  | N  | Y  | N  | N  | N  | N  |
|  in_valid_reg_reg   | Flip-flop |   1   |  N  | N  | Y  | N  | N  | N  | N  |
|    fi_re_reg_reg    | Flip-flop |  64   |  Y  | N  | Y  | N  | N  | N  | N  |
|    fi_im_reg_reg    | Flip-flop |  64   |  Y  | N  | Y  | N  | N  | N  | N  |
|   s_re_1_reg_reg    | Flip-flop |  64   |  Y  | N  | Y  | N  | N  | N  | N  |
|   s_im_1_reg_reg    | Flip-flop |  64   |  Y  | N  | Y  | N  | N  | N  | N  |
|   s_re_2_reg_reg    | Flip-flop |  64   |  Y  | N  | Y  | N  | N  | N  | N  |
|   s_im_2_reg_reg    | Flip-flop |  64   |  Y  | N  | Y  | N  | N  | N  | N  |
|   s_re_3_reg_reg    | Flip-flop |  64   |  Y  | N  | Y  | N  | N  | N  | N  |
|   s_im_3_reg_reg    | Flip-flop |  64   |  Y  | N  | Y  | N  | N  | N  | N  |
|   s_re_4_reg_reg    | Flip-flop |  64   |  Y  | N  | Y  | N  | N  | N  | N  |
|   s_im_4_reg_reg    | Flip-flop |  64   |  Y  | N  | Y  | N  | N  | N  | N  |
|   s_re_5_reg_reg    | Flip-flop |  64   |  Y  | N  | Y  | N  | N  | N  | N  |
|   s_im_5_reg_reg    | Flip-flop |  64   |  Y  | N  | Y  | N  | N  | N  | N  |
|   s_re_6_reg_reg    | Flip-flop |  64   |  Y  | N  | Y  | N  | N  | N  | N  |
|   s_im_6_reg_reg    | Flip-flop |  64   |  Y  | N  | Y  | N  | N  | N  | N  |
|   s_re_7_reg_reg    | Flip-flop |  64   |  Y  | N  | Y  | N  | N  | N  | N  |
|   s_im_7_reg_reg    | Flip-flop |  64   |  Y  | N  | Y  | N  | N  | N  | N  |
|   s_re_8_reg_reg    | Flip-flop |  64   |  Y  | N  | Y  | N  | N  | N  | N  |
===============================================================================
Presto compilation completed successfully. (FFT)
Elaborated 1 design.
Current design is now 'FFT'.
Information: Building the design 'RADIX2' instantiated from design 'FFT' with
        the parameters "64,8,1". (HDL-193)
Warning:  ../01_RTL/RADIX2.v:150: signed to unsigned conversion occurs. (VER-318)
Warning:  ../01_RTL/RADIX2.v:162: signed to unsigned conversion occurs. (VER-318)
Warning:  ../01_RTL/RADIX2.v:175: signed to unsigned conversion occurs. (VER-318)
Warning:  ../01_RTL/RADIX2.v:176: signed to unsigned assignment occurs. (VER-318)

Statistics for case statements in always block at line 141 in file
        '../01_RTL/RADIX2.v'
===============================================
|           Line           |  full/ parallel  |
===============================================
|           142            |    auto/auto     |
===============================================

Statistics for case statements in always block at line 158 in file
        '../01_RTL/RADIX2.v'
===============================================
|           Line           |  full/ parallel  |
===============================================
|           159            |    auto/auto     |
===============================================
Warning:  ../01_RTL/RADIX2.v:185: Statement unreachable (Branch condition impossible to meet).  (VER-61)

Inferred memory devices in process
        in routine RADIX2_FLOAT_PRECISION64_logn8_U1 line 230 in file
                '../01_RTL/RADIX2.v'.
===============================================================================
|    Register Name    |   Type    | Width | Bus | MB | AR | AS | SR | SS | ST |
===============================================================================
|  in_valid_reg_reg   | Flip-flop |   1   |  N  | N  | Y  | N  | N  | N  | N  |
|     i_valid_reg     | Flip-flop |   1   |  N  | N  | Y  | N  | N  | N  | N  |
|  mult_d_re_reg_reg  | Flip-flop |  64   |  Y  | N  | Y  | N  | N  | N  | N  |
|  mult_d_im_reg_reg  | Flip-flop |  64   |  Y  | N  | Y  | N  | N  | N  | N  |
|    state_reg_reg    | Flip-flop |   1   |  N  | N  | Y  | N  | N  | N  | N  |
|     cnt_reg_reg     | Flip-flop |   9   |  Y  | N  | Y  | N  | N  | N  | N  |
|    out_valid_reg    | Flip-flop |   1   |  N  | N  | Y  | N  | N  | N  | N  |
|      do_re_reg      | Flip-flop |  64   |  Y  | N  | Y  | N  | N  | N  | N  |
|      do_im_reg      | Flip-flop |  64   |  Y  | N  | Y  | N  | N  | N  | N  |
===============================================================================
Presto compilation completed successfully. (RADIX2_FLOAT_PRECISION64_logn8_U1)
Information: Building the design 'RADIX2' instantiated from design 'FFT' with
        the parameters "64,8,2". (HDL-193)
Warning:  ../01_RTL/RADIX2.v:150: signed to unsigned conversion occurs. (VER-318)
Warning:  ../01_RTL/RADIX2.v:162: signed to unsigned conversion occurs. (VER-318)
Warning:  ../01_RTL/RADIX2.v:175: signed to unsigned conversion occurs. (VER-318)
Warning:  ../01_RTL/RADIX2.v:176: signed to unsigned assignment occurs. (VER-318)

Statistics for case statements in always block at line 141 in file
        '../01_RTL/RADIX2.v'
===============================================
|           Line           |  full/ parallel  |
===============================================
|           142            |    auto/auto     |
===============================================

Statistics for case statements in always block at line 158 in file
        '../01_RTL/RADIX2.v'
===============================================
|           Line           |  full/ parallel  |
===============================================
|           159            |    auto/auto     |
===============================================
Warning:  ../01_RTL/RADIX2.v:185: Statement unreachable (Branch condition impossible to meet).  (VER-61)

Inferred memory devices in process
        in routine RADIX2_FLOAT_PRECISION64_logn8_U2 line 230 in file
                '../01_RTL/RADIX2.v'.
===============================================================================
|    Register Name    |   Type    | Width | Bus | MB | AR | AS | SR | SS | ST |
===============================================================================
|  in_valid_reg_reg   | Flip-flop |   1   |  N  | N  | Y  | N  | N  | N  | N  |
|     i_valid_reg     | Flip-flop |   1   |  N  | N  | Y  | N  | N  | N  | N  |
|  mult_d_re_reg_reg  | Flip-flop |  64   |  Y  | N  | Y  | N  | N  | N  | N  |
|  mult_d_im_reg_reg  | Flip-flop |  64   |  Y  | N  | Y  | N  | N  | N  | N  |
|    state_reg_reg    | Flip-flop |   1   |  N  | N  | Y  | N  | N  | N  | N  |
|     cnt_reg_reg     | Flip-flop |   9   |  Y  | N  | Y  | N  | N  | N  | N  |
|    out_valid_reg    | Flip-flop |   1   |  N  | N  | Y  | N  | N  | N  | N  |
|      do_re_reg      | Flip-flop |  64   |  Y  | N  | Y  | N  | N  | N  | N  |
|      do_im_reg      | Flip-flop |  64   |  Y  | N  | Y  | N  | N  | N  | N  |
===============================================================================
Presto compilation completed successfully. (RADIX2_FLOAT_PRECISION64_logn8_U2)
Information: Building the design 'RADIX2' instantiated from design 'FFT' with
        the parameters "64,8,3". (HDL-193)
Warning:  ../01_RTL/RADIX2.v:150: signed to unsigned conversion occurs. (VER-318)
Warning:  ../01_RTL/RADIX2.v:162: signed to unsigned conversion occurs. (VER-318)
Warning:  ../01_RTL/RADIX2.v:175: signed to unsigned conversion occurs. (VER-318)
Warning:  ../01_RTL/RADIX2.v:176: signed to unsigned assignment occurs. (VER-318)

Statistics for case statements in always block at line 141 in file
        '../01_RTL/RADIX2.v'
===============================================
|           Line           |  full/ parallel  |
===============================================
|           142            |    auto/auto     |
===============================================

Statistics for case statements in always block at line 158 in file
        '../01_RTL/RADIX2.v'
===============================================
|           Line           |  full/ parallel  |
===============================================
|           159            |    auto/auto     |
===============================================
Warning:  ../01_RTL/RADIX2.v:185: Statement unreachable (Branch condition impossible to meet).  (VER-61)

Inferred memory devices in process
        in routine RADIX2_FLOAT_PRECISION64_logn8_U3 line 230 in file
                '../01_RTL/RADIX2.v'.
===============================================================================
|    Register Name    |   Type    | Width | Bus | MB | AR | AS | SR | SS | ST |
===============================================================================
|  in_valid_reg_reg   | Flip-flop |   1   |  N  | N  | Y  | N  | N  | N  | N  |
|     i_valid_reg     | Flip-flop |   1   |  N  | N  | Y  | N  | N  | N  | N  |
|  mult_d_re_reg_reg  | Flip-flop |  64   |  Y  | N  | Y  | N  | N  | N  | N  |
|  mult_d_im_reg_reg  | Flip-flop |  64   |  Y  | N  | Y  | N  | N  | N  | N  |
|    state_reg_reg    | Flip-flop |   1   |  N  | N  | Y  | N  | N  | N  | N  |
|     cnt_reg_reg     | Flip-flop |   9   |  Y  | N  | Y  | N  | N  | N  | N  |
|    out_valid_reg    | Flip-flop |   1   |  N  | N  | Y  | N  | N  | N  | N  |
|      do_re_reg      | Flip-flop |  64   |  Y  | N  | Y  | N  | N  | N  | N  |
|      do_im_reg      | Flip-flop |  64   |  Y  | N  | Y  | N  | N  | N  | N  |
===============================================================================
Presto compilation completed successfully. (RADIX2_FLOAT_PRECISION64_logn8_U3)
Information: Building the design 'RADIX2' instantiated from design 'FFT' with
        the parameters "64,8,4". (HDL-193)
Warning:  ../01_RTL/RADIX2.v:150: signed to unsigned conversion occurs. (VER-318)
Warning:  ../01_RTL/RADIX2.v:162: signed to unsigned conversion occurs. (VER-318)
Warning:  ../01_RTL/RADIX2.v:175: signed to unsigned conversion occurs. (VER-318)
Warning:  ../01_RTL/RADIX2.v:176: signed to unsigned assignment occurs. (VER-318)

Statistics for case statements in always block at line 141 in file
        '../01_RTL/RADIX2.v'
===============================================
|           Line           |  full/ parallel  |
===============================================
|           142            |    auto/auto     |
===============================================

Statistics for case statements in always block at line 158 in file
        '../01_RTL/RADIX2.v'
===============================================
|           Line           |  full/ parallel  |
===============================================
|           159            |    auto/auto     |
===============================================
Warning:  ../01_RTL/RADIX2.v:185: Statement unreachable (Branch condition impossible to meet).  (VER-61)

Inferred memory devices in process
        in routine RADIX2_FLOAT_PRECISION64_logn8_U4 line 230 in file
                '../01_RTL/RADIX2.v'.
===============================================================================
|    Register Name    |   Type    | Width | Bus | MB | AR | AS | SR | SS | ST |
===============================================================================
|  in_valid_reg_reg   | Flip-flop |   1   |  N  | N  | Y  | N  | N  | N  | N  |
|     i_valid_reg     | Flip-flop |   1   |  N  | N  | Y  | N  | N  | N  | N  |
|  mult_d_re_reg_reg  | Flip-flop |  64   |  Y  | N  | Y  | N  | N  | N  | N  |
|  mult_d_im_reg_reg  | Flip-flop |  64   |  Y  | N  | Y  | N  | N  | N  | N  |
|    state_reg_reg    | Flip-flop |   1   |  N  | N  | Y  | N  | N  | N  | N  |
|     cnt_reg_reg     | Flip-flop |   9   |  Y  | N  | Y  | N  | N  | N  | N  |
|    out_valid_reg    | Flip-flop |   1   |  N  | N  | Y  | N  | N  | N  | N  |
|      do_re_reg      | Flip-flop |  64   |  Y  | N  | Y  | N  | N  | N  | N  |
|      do_im_reg      | Flip-flop |  64   |  Y  | N  | Y  | N  | N  | N  | N  |
===============================================================================
Presto compilation completed successfully. (RADIX2_FLOAT_PRECISION64_logn8_U4)
Information: Building the design 'RADIX2' instantiated from design 'FFT' with
        the parameters "64,8,5". (HDL-193)
Warning:  ../01_RTL/RADIX2.v:150: signed to unsigned conversion occurs. (VER-318)
Warning:  ../01_RTL/RADIX2.v:162: signed to unsigned conversion occurs. (VER-318)
Warning:  ../01_RTL/RADIX2.v:175: signed to unsigned conversion occurs. (VER-318)
Warning:  ../01_RTL/RADIX2.v:176: signed to unsigned assignment occurs. (VER-318)

Statistics for case statements in always block at line 141 in file
        '../01_RTL/RADIX2.v'
===============================================
|           Line           |  full/ parallel  |
===============================================
|           142            |    auto/auto     |
===============================================

Statistics for case statements in always block at line 158 in file
        '../01_RTL/RADIX2.v'
===============================================
|           Line           |  full/ parallel  |
===============================================
|           159            |    auto/auto     |
===============================================
Warning:  ../01_RTL/RADIX2.v:185: Statement unreachable (Branch condition impossible to meet).  (VER-61)

Inferred memory devices in process
        in routine RADIX2_FLOAT_PRECISION64_logn8_U5 line 230 in file
                '../01_RTL/RADIX2.v'.
===============================================================================
|    Register Name    |   Type    | Width | Bus | MB | AR | AS | SR | SS | ST |
===============================================================================
|  in_valid_reg_reg   | Flip-flop |   1   |  N  | N  | Y  | N  | N  | N  | N  |
|     i_valid_reg     | Flip-flop |   1   |  N  | N  | Y  | N  | N  | N  | N  |
|  mult_d_re_reg_reg  | Flip-flop |  64   |  Y  | N  | Y  | N  | N  | N  | N  |
|  mult_d_im_reg_reg  | Flip-flop |  64   |  Y  | N  | Y  | N  | N  | N  | N  |
|    state_reg_reg    | Flip-flop |   1   |  N  | N  | Y  | N  | N  | N  | N  |
|     cnt_reg_reg     | Flip-flop |   9   |  Y  | N  | Y  | N  | N  | N  | N  |
|    out_valid_reg    | Flip-flop |   1   |  N  | N  | Y  | N  | N  | N  | N  |
|      do_re_reg      | Flip-flop |  64   |  Y  | N  | Y  | N  | N  | N  | N  |
|      do_im_reg      | Flip-flop |  64   |  Y  | N  | Y  | N  | N  | N  | N  |
===============================================================================
Presto compilation completed successfully. (RADIX2_FLOAT_PRECISION64_logn8_U5)
Information: Building the design 'RADIX2' instantiated from design 'FFT' with
        the parameters "64,8,6". (HDL-193)
Warning:  ../01_RTL/RADIX2.v:150: signed to unsigned conversion occurs. (VER-318)
Warning:  ../01_RTL/RADIX2.v:162: signed to unsigned conversion occurs. (VER-318)
Warning:  ../01_RTL/RADIX2.v:175: signed to unsigned conversion occurs. (VER-318)
Warning:  ../01_RTL/RADIX2.v:176: signed to unsigned assignment occurs. (VER-318)

Statistics for case statements in always block at line 141 in file
        '../01_RTL/RADIX2.v'
===============================================
|           Line           |  full/ parallel  |
===============================================
|           142            |    auto/auto     |
===============================================

Statistics for case statements in always block at line 158 in file
        '../01_RTL/RADIX2.v'
===============================================
|           Line           |  full/ parallel  |
===============================================
|           159            |    auto/auto     |
===============================================
Warning:  ../01_RTL/RADIX2.v:185: Statement unreachable (Branch condition impossible to meet).  (VER-61)

Inferred memory devices in process
        in routine RADIX2_FLOAT_PRECISION64_logn8_U6 line 230 in file
                '../01_RTL/RADIX2.v'.
===============================================================================
|    Register Name    |   Type    | Width | Bus | MB | AR | AS | SR | SS | ST |
===============================================================================
|  in_valid_reg_reg   | Flip-flop |   1   |  N  | N  | Y  | N  | N  | N  | N  |
|     i_valid_reg     | Flip-flop |   1   |  N  | N  | Y  | N  | N  | N  | N  |
|  mult_d_re_reg_reg  | Flip-flop |  64   |  Y  | N  | Y  | N  | N  | N  | N  |
|  mult_d_im_reg_reg  | Flip-flop |  64   |  Y  | N  | Y  | N  | N  | N  | N  |
|    state_reg_reg    | Flip-flop |   1   |  N  | N  | Y  | N  | N  | N  | N  |
|     cnt_reg_reg     | Flip-flop |   9   |  Y  | N  | Y  | N  | N  | N  | N  |
|    out_valid_reg    | Flip-flop |   1   |  N  | N  | Y  | N  | N  | N  | N  |
|      do_re_reg      | Flip-flop |  64   |  Y  | N  | Y  | N  | N  | N  | N  |
|      do_im_reg      | Flip-flop |  64   |  Y  | N  | Y  | N  | N  | N  | N  |
===============================================================================
Presto compilation completed successfully. (RADIX2_FLOAT_PRECISION64_logn8_U6)
Information: Building the design 'RADIX2' instantiated from design 'FFT' with
        the parameters "64,8,7". (HDL-193)
Warning:  ../01_RTL/RADIX2.v:150: signed to unsigned conversion occurs. (VER-318)
Warning:  ../01_RTL/RADIX2.v:162: signed to unsigned conversion occurs. (VER-318)
Warning:  ../01_RTL/RADIX2.v:175: signed to unsigned conversion occurs. (VER-318)
Warning:  ../01_RTL/RADIX2.v:176: signed to unsigned assignment occurs. (VER-318)

Statistics for case statements in always block at line 141 in file
        '../01_RTL/RADIX2.v'
===============================================
|           Line           |  full/ parallel  |
===============================================
|           142            |    auto/auto     |
===============================================

Statistics for case statements in always block at line 158 in file
        '../01_RTL/RADIX2.v'
===============================================
|           Line           |  full/ parallel  |
===============================================
|           159            |    auto/auto     |
===============================================
Warning:  ../01_RTL/RADIX2.v:185: Statement unreachable (Branch condition impossible to meet).  (VER-61)

Inferred memory devices in process
        in routine RADIX2_FLOAT_PRECISION64_logn8_U7 line 230 in file
                '../01_RTL/RADIX2.v'.
===============================================================================
|    Register Name    |   Type    | Width | Bus | MB | AR | AS | SR | SS | ST |
===============================================================================
|  in_valid_reg_reg   | Flip-flop |   1   |  N  | N  | Y  | N  | N  | N  | N  |
|     i_valid_reg     | Flip-flop |   1   |  N  | N  | Y  | N  | N  | N  | N  |
|  mult_d_re_reg_reg  | Flip-flop |  64   |  Y  | N  | Y  | N  | N  | N  | N  |
|  mult_d_im_reg_reg  | Flip-flop |  64   |  Y  | N  | Y  | N  | N  | N  | N  |
|    state_reg_reg    | Flip-flop |   1   |  N  | N  | Y  | N  | N  | N  | N  |
|     cnt_reg_reg     | Flip-flop |   9   |  Y  | N  | Y  | N  | N  | N  | N  |
|    out_valid_reg    | Flip-flop |   1   |  N  | N  | Y  | N  | N  | N  | N  |
|      do_re_reg      | Flip-flop |  64   |  Y  | N  | Y  | N  | N  | N  | N  |
|      do_im_reg      | Flip-flop |  64   |  Y  | N  | Y  | N  | N  | N  | N  |
===============================================================================
Presto compilation completed successfully. (RADIX2_FLOAT_PRECISION64_logn8_U7)
Information: Building the design 'RADIX2' instantiated from design 'FFT' with
        the parameters "64,8,8". (HDL-193)
Warning:  ../01_RTL/RADIX2.v:150: signed to unsigned conversion occurs. (VER-318)
Warning:  ../01_RTL/RADIX2.v:162: signed to unsigned conversion occurs. (VER-318)
Warning:  ../01_RTL/RADIX2.v:175: signed to unsigned conversion occurs. (VER-318)
Warning:  ../01_RTL/RADIX2.v:176: signed to unsigned assignment occurs. (VER-318)

Statistics for case statements in always block at line 141 in file
        '../01_RTL/RADIX2.v'
===============================================
|           Line           |  full/ parallel  |
===============================================
|           142            |    auto/auto     |
===============================================

Statistics for case statements in always block at line 158 in file
        '../01_RTL/RADIX2.v'
===============================================
|           Line           |  full/ parallel  |
===============================================
|           159            |    auto/auto     |
===============================================

Inferred memory devices in process
        in routine RADIX2_FLOAT_PRECISION64_logn8_U8 line 230 in file
                '../01_RTL/RADIX2.v'.
===============================================================================
|    Register Name    |   Type    | Width | Bus | MB | AR | AS | SR | SS | ST |
===============================================================================
|  in_valid_reg_reg   | Flip-flop |   1   |  N  | N  | Y  | N  | N  | N  | N  |
|     i_valid_reg     | Flip-flop |   1   |  N  | N  | Y  | N  | N  | N  | N  |
|  mult_d_re_reg_reg  | Flip-flop |  64   |  Y  | N  | Y  | N  | N  | N  | N  |
|  mult_d_im_reg_reg  | Flip-flop |  64   |  Y  | N  | Y  | N  | N  | N  | N  |
|    state_reg_reg    | Flip-flop |   1   |  N  | N  | Y  | N  | N  | N  | N  |
|     cnt_reg_reg     | Flip-flop |   9   |  Y  | N  | Y  | N  | N  | N  | N  |
|    out_valid_reg    | Flip-flop |   1   |  N  | N  | Y  | N  | N  | N  | N  |
|      do_re_reg      | Flip-flop |  64   |  Y  | N  | Y  | N  | N  | N  | N  |
|      do_im_reg      | Flip-flop |  64   |  Y  | N  | Y  | N  | N  | N  | N  |
===============================================================================
Presto compilation completed successfully. (RADIX2_FLOAT_PRECISION64_logn8_U8)
Information: Building the design 'BUTTERFLY' instantiated from design 'RADIX2_FLOAT_PRECISION64_logn8_U1' with
        the parameters "FLOAT_PRECISION=64". (HDL-193)
Presto compilation completed successfully. (BUTTERFLY_FLOAT_PRECISION64)
Information: Building the design 'DELAY_BUFFER' instantiated from design 'RADIX2_FLOAT_PRECISION64_logn8_U1' with
        the parameters "FLOAT_PRECISION=64,DEPTH=128". (HDL-193)

Inferred memory devices in process
        in routine DELAY_BUFFER_FLOAT_PRECISION64_DEPTH128 line 38 in file
                '../01_RTL/DELAY_BUFFER.v'.
===============================================================================
|    Register Name    |   Type    | Width | Bus | MB | AR | AS | SR | SS | ST |
===============================================================================
|     buf_im_reg      | Flip-flop |  64   |  Y  | N  | Y  | N  | N  | N  | N  |
|    buf_valid_reg    | Flip-flop |   1   |  N  | N  | Y  | N  | N  | N  | N  |
|     buf_re_reg      | Flip-flop |  64   |  Y  | N  | Y  | N  | N  | N  | N  |
===============================================================================

Inferred memory devices in process
        in routine DELAY_BUFFER_FLOAT_PRECISION64_DEPTH128 line 61 in file
                '../01_RTL/DELAY_BUFFER.v'.
===============================================================================
|    Register Name    |   Type    | Width | Bus | MB | AR | AS | SR | SS | ST |
===============================================================================
|     buf_im_reg      | Flip-flop | 8128  |  Y  | N  | Y  | N  | N  | N  | N  |
|    buf_valid_reg    | Flip-flop |  127  |  Y  | N  | Y  | N  | N  | N  | N  |
|     buf_re_reg      | Flip-flop | 8128  |  Y  | N  | Y  | N  | N  | N  | N  |
===============================================================================
Presto compilation completed successfully. (DELAY_BUFFER_FLOAT_PRECISION64_DEPTH128)
Information: Building the design 'FPC_MUL' instantiated from design 'RADIX2_FLOAT_PRECISION64_logn8_U1' with
        the parameters "64". (HDL-193)

Inferred memory devices in process
        in routine FPC_MUL_FLOAT_PRECISION64 line 168 in file
                '../01_RTL/FPC.v'.
===============================================================================
|    Register Name    |   Type    | Width | Bus | MB | AR | AS | SR | SS | ST |
===============================================================================
| a_im_x_b_re_reg_reg | Flip-flop |  64   |  Y  | N  | Y  | N  | N  | N  | N  |
|   mult_valid_reg    | Flip-flop |   1   |  N  | N  | Y  | N  | N  | N  | N  |
| a_re_x_b_re_reg_reg | Flip-flop |  64   |  Y  | N  | Y  | N  | N  | N  | N  |
| a_im_x_b_im_reg_reg | Flip-flop |  64   |  Y  | N  | Y  | N  | N  | N  | N  |
| a_re_x_b_im_reg_reg | Flip-flop |  64   |  Y  | N  | Y  | N  | N  | N  | N  |
===============================================================================
Presto compilation completed successfully. (FPC_MUL_FLOAT_PRECISION64)
Information: Building the design 'DELAY_BUFFER' instantiated from design 'RADIX2_FLOAT_PRECISION64_logn8_U2' with
        the parameters "FLOAT_PRECISION=64,DEPTH=64". (HDL-193)

Inferred memory devices in process
        in routine DELAY_BUFFER_FLOAT_PRECISION64_DEPTH64 line 38 in file
                '../01_RTL/DELAY_BUFFER.v'.
===============================================================================
|    Register Name    |   Type    | Width | Bus | MB | AR | AS | SR | SS | ST |
===============================================================================
|     buf_im_reg      | Flip-flop |  64   |  Y  | N  | Y  | N  | N  | N  | N  |
|    buf_valid_reg    | Flip-flop |   1   |  N  | N  | Y  | N  | N  | N  | N  |
|     buf_re_reg      | Flip-flop |  64   |  Y  | N  | Y  | N  | N  | N  | N  |
===============================================================================

Inferred memory devices in process
        in routine DELAY_BUFFER_FLOAT_PRECISION64_DEPTH64 line 61 in file
                '../01_RTL/DELAY_BUFFER.v'.
===============================================================================
|    Register Name    |   Type    | Width | Bus | MB | AR | AS | SR | SS | ST |
===============================================================================
|     buf_im_reg      | Flip-flop | 4032  |  Y  | N  | Y  | N  | N  | N  | N  |
|    buf_valid_reg    | Flip-flop |  63   |  Y  | N  | Y  | N  | N  | N  | N  |
|     buf_re_reg      | Flip-flop | 4032  |  Y  | N  | Y  | N  | N  | N  | N  |
===============================================================================
Presto compilation completed successfully. (DELAY_BUFFER_FLOAT_PRECISION64_DEPTH64)
Information: Building the design 'DELAY_BUFFER' instantiated from design 'RADIX2_FLOAT_PRECISION64_logn8_U3' with
        the parameters "FLOAT_PRECISION=64,DEPTH=32". (HDL-193)

Inferred memory devices in process
        in routine DELAY_BUFFER_FLOAT_PRECISION64_DEPTH32 line 38 in file
                '../01_RTL/DELAY_BUFFER.v'.
===============================================================================
|    Register Name    |   Type    | Width | Bus | MB | AR | AS | SR | SS | ST |
===============================================================================
|     buf_im_reg      | Flip-flop |  64   |  Y  | N  | Y  | N  | N  | N  | N  |
|    buf_valid_reg    | Flip-flop |   1   |  N  | N  | Y  | N  | N  | N  | N  |
|     buf_re_reg      | Flip-flop |  64   |  Y  | N  | Y  | N  | N  | N  | N  |
===============================================================================

Inferred memory devices in process
        in routine DELAY_BUFFER_FLOAT_PRECISION64_DEPTH32 line 61 in file
                '../01_RTL/DELAY_BUFFER.v'.
===============================================================================
|    Register Name    |   Type    | Width | Bus | MB | AR | AS | SR | SS | ST |
===============================================================================
|     buf_im_reg      | Flip-flop | 1984  |  Y  | N  | Y  | N  | N  | N  | N  |
|    buf_valid_reg    | Flip-flop |  31   |  Y  | N  | Y  | N  | N  | N  | N  |
|     buf_re_reg      | Flip-flop | 1984  |  Y  | N  | Y  | N  | N  | N  | N  |
===============================================================================
Presto compilation completed successfully. (DELAY_BUFFER_FLOAT_PRECISION64_DEPTH32)
Information: Building the design 'DELAY_BUFFER' instantiated from design 'RADIX2_FLOAT_PRECISION64_logn8_U4' with
        the parameters "FLOAT_PRECISION=64,DEPTH=16". (HDL-193)

Inferred memory devices in process
        in routine DELAY_BUFFER_FLOAT_PRECISION64_DEPTH16 line 38 in file
                '../01_RTL/DELAY_BUFFER.v'.
===============================================================================
|    Register Name    |   Type    | Width | Bus | MB | AR | AS | SR | SS | ST |
===============================================================================
|     buf_im_reg      | Flip-flop |  64   |  Y  | N  | Y  | N  | N  | N  | N  |
|    buf_valid_reg    | Flip-flop |   1   |  N  | N  | Y  | N  | N  | N  | N  |
|     buf_re_reg      | Flip-flop |  64   |  Y  | N  | Y  | N  | N  | N  | N  |
===============================================================================

Inferred memory devices in process
        in routine DELAY_BUFFER_FLOAT_PRECISION64_DEPTH16 line 61 in file
                '../01_RTL/DELAY_BUFFER.v'.
===============================================================================
|    Register Name    |   Type    | Width | Bus | MB | AR | AS | SR | SS | ST |
===============================================================================
|     buf_im_reg      | Flip-flop |  960  |  Y  | N  | Y  | N  | N  | N  | N  |
|    buf_valid_reg    | Flip-flop |  15   |  Y  | N  | Y  | N  | N  | N  | N  |
|     buf_re_reg      | Flip-flop |  960  |  Y  | N  | Y  | N  | N  | N  | N  |
===============================================================================
Presto compilation completed successfully. (DELAY_BUFFER_FLOAT_PRECISION64_DEPTH16)
Information: Building the design 'DELAY_BUFFER' instantiated from design 'RADIX2_FLOAT_PRECISION64_logn8_U5' with
        the parameters "FLOAT_PRECISION=64,DEPTH=8". (HDL-193)

Inferred memory devices in process
        in routine DELAY_BUFFER_FLOAT_PRECISION64_DEPTH8 line 38 in file
                '../01_RTL/DELAY_BUFFER.v'.
===============================================================================
|    Register Name    |   Type    | Width | Bus | MB | AR | AS | SR | SS | ST |
===============================================================================
|     buf_im_reg      | Flip-flop |  64   |  Y  | N  | Y  | N  | N  | N  | N  |
|    buf_valid_reg    | Flip-flop |   1   |  N  | N  | Y  | N  | N  | N  | N  |
|     buf_re_reg      | Flip-flop |  64   |  Y  | N  | Y  | N  | N  | N  | N  |
===============================================================================

Inferred memory devices in process
        in routine DELAY_BUFFER_FLOAT_PRECISION64_DEPTH8 line 61 in file
                '../01_RTL/DELAY_BUFFER.v'.
===============================================================================
|    Register Name    |   Type    | Width | Bus | MB | AR | AS | SR | SS | ST |
===============================================================================
|     buf_im_reg      | Flip-flop |  448  |  Y  | N  | Y  | N  | N  | N  | N  |
|    buf_valid_reg    | Flip-flop |   7   |  Y  | N  | Y  | N  | N  | N  | N  |
|     buf_re_reg      | Flip-flop |  448  |  Y  | N  | Y  | N  | N  | N  | N  |
===============================================================================
Presto compilation completed successfully. (DELAY_BUFFER_FLOAT_PRECISION64_DEPTH8)
Information: Building the design 'DELAY_BUFFER' instantiated from design 'RADIX2_FLOAT_PRECISION64_logn8_U6' with
        the parameters "FLOAT_PRECISION=64,DEPTH=4". (HDL-193)

Inferred memory devices in process
        in routine DELAY_BUFFER_FLOAT_PRECISION64_DEPTH4 line 38 in file
                '../01_RTL/DELAY_BUFFER.v'.
===============================================================================
|    Register Name    |   Type    | Width | Bus | MB | AR | AS | SR | SS | ST |
===============================================================================
|     buf_im_reg      | Flip-flop |  64   |  Y  | N  | Y  | N  | N  | N  | N  |
|    buf_valid_reg    | Flip-flop |   1   |  N  | N  | Y  | N  | N  | N  | N  |
|     buf_re_reg      | Flip-flop |  64   |  Y  | N  | Y  | N  | N  | N  | N  |
===============================================================================

Inferred memory devices in process
        in routine DELAY_BUFFER_FLOAT_PRECISION64_DEPTH4 line 61 in file
                '../01_RTL/DELAY_BUFFER.v'.
===============================================================================
|    Register Name    |   Type    | Width | Bus | MB | AR | AS | SR | SS | ST |
===============================================================================
|     buf_im_reg      | Flip-flop |  192  |  Y  | N  | Y  | N  | N  | N  | N  |
|    buf_valid_reg    | Flip-flop |   3   |  Y  | N  | Y  | N  | N  | N  | N  |
|     buf_re_reg      | Flip-flop |  192  |  Y  | N  | Y  | N  | N  | N  | N  |
===============================================================================
Presto compilation completed successfully. (DELAY_BUFFER_FLOAT_PRECISION64_DEPTH4)
Information: Building the design 'DELAY_BUFFER' instantiated from design 'RADIX2_FLOAT_PRECISION64_logn8_U7' with
        the parameters "FLOAT_PRECISION=64,DEPTH=2". (HDL-193)

Inferred memory devices in process
        in routine DELAY_BUFFER_FLOAT_PRECISION64_DEPTH2 line 38 in file
                '../01_RTL/DELAY_BUFFER.v'.
===============================================================================
|    Register Name    |   Type    | Width | Bus | MB | AR | AS | SR | SS | ST |
===============================================================================
|     buf_im_reg      | Flip-flop |  64   |  Y  | N  | Y  | N  | N  | N  | N  |
|    buf_valid_reg    | Flip-flop |   1   |  N  | N  | Y  | N  | N  | N  | N  |
|     buf_re_reg      | Flip-flop |  64   |  Y  | N  | Y  | N  | N  | N  | N  |
===============================================================================

Inferred memory devices in process
        in routine DELAY_BUFFER_FLOAT_PRECISION64_DEPTH2 line 61 in file
                '../01_RTL/DELAY_BUFFER.v'.
===============================================================================
|    Register Name    |   Type    | Width | Bus | MB | AR | AS | SR | SS | ST |
===============================================================================
|     buf_im_reg      | Flip-flop |  64   |  Y  | N  | Y  | N  | N  | N  | N  |
|    buf_valid_reg    | Flip-flop |   1   |  N  | N  | Y  | N  | N  | N  | N  |
|     buf_re_reg      | Flip-flop |  64   |  Y  | N  | Y  | N  | N  | N  | N  |
===============================================================================
Presto compilation completed successfully. (DELAY_BUFFER_FLOAT_PRECISION64_DEPTH2)
Information: Building the design 'DELAY_BUFFER' instantiated from design 'RADIX2_FLOAT_PRECISION64_logn8_U8' with
        the parameters "FLOAT_PRECISION=64,DEPTH=1". (HDL-193)

Inferred memory devices in process
        in routine DELAY_BUFFER_FLOAT_PRECISION64_DEPTH1 line 38 in file
                '../01_RTL/DELAY_BUFFER.v'.
===============================================================================
|    Register Name    |   Type    | Width | Bus | MB | AR | AS | SR | SS | ST |
===============================================================================
|     buf_im_reg      | Flip-flop |  64   |  Y  | N  | Y  | N  | N  | N  | N  |
|    buf_valid_reg    | Flip-flop |   1   |  N  | N  | Y  | N  | N  | N  | N  |
|     buf_re_reg      | Flip-flop |  64   |  Y  | N  | Y  | N  | N  | N  | N  |
===============================================================================
Presto compilation completed successfully. (DELAY_BUFFER_FLOAT_PRECISION64_DEPTH1)
Information: Building the design 'FPC_ADD' instantiated from design 'BUTTERFLY_FLOAT_PRECISION64' with
        the parameters "FLOAT_PRECISION=64". (HDL-193)
Presto compilation completed successfully. (FPC_ADD_FLOAT_PRECISION64)
Information: Building the design 'FPC_SUB' instantiated from design 'BUTTERFLY_FLOAT_PRECISION64' with
        the parameters "FLOAT_PRECISION=64". (HDL-193)
Presto compilation completed successfully. (FPC_SUB_FLOAT_PRECISION64)
1
# (B-2) read_sverilog
# read_sverilog $DESIGN\.v
# (B-3) set current design
current_design $DESIGN
Current design is 'FFT'.
{FFT}
link

  Linking design 'FFT'
  Using the following designs and libraries:
  --------------------------------------------------------------------------
  * (21 designs)              /home/daniel_kuo/Falcon/hardware/fft/02_SYN/FFT.db, etc
  sc9_cln40g_base_rvt_ss_typical_max_0p81v_125c (library) /cell_base_lib/CBDK_TSMC40_Arm_f2.0/CIC/SynopsysDC/db/sc9_base_rvt/sc9_cln40g_base_rvt_ss_typical_max_0p81v_125c.db
  sc9_cln40g_base_hvt_ss_typical_max_0p81v_125c (library) /cell_base_lib/CBDK_TSMC40_Arm_f2.0/CIC/SynopsysDC/db/sc9_base_hvt/sc9_cln40g_base_hvt_ss_typical_max_0p81v_125c.db
  sc9_cln40g_base_lvt_ss_typical_max_0p81v_125c (library) /cell_base_lib/CBDK_TSMC40_Arm_f2.0/CIC/SynopsysDC/db/sc9_base_lvt/sc9_cln40g_base_lvt_ss_typical_max_0p81v_125c.db
  dw_foundation.sldb (library) /usr/cad/synopsys/synthesis/cur/libraries/syn/dw_foundation.sldb

1
#======================================================
#  (C) Global Setting
#======================================================
set_wire_load_mode top
1
# set_operating_conditions -max WCCOM -min BCCOM
# set_wire_load_model -name umc18_wl10 -library slow
#======================================================
#  (D) Set Design Constraints
#======================================================
# (D-1) Setting Clock Constraints
create_clock -name clk -period $CYCLE [get_ports clk] 
1
set_dont_touch_network             [get_clocks clk]
1
set_fix_hold                       [get_clocks clk]
1
set_clock_uncertainty       0.1    [get_clocks clk]
1
# set_clock_latency   -source 0      [get_clocks clk]
# set_clock_latency           1      [get_clocks clk] 
set_input_transition        0.5    [all_inputs] 
1
set_clock_transition        0.1    [all_clocks] 
1
# (D-2) Setting in/out Constraints
set_input_delay   -max  $INPUT_DLY  -clock clk   [all_inputs] ;  # set_up time check 
1
set_input_delay   -min  0           -clock clk   [all_inputs] ;  # hold   time check 
1
set_output_delay  -max  $OUTPUT_DLY -clock clk   [all_outputs] ; # set_up time check 
1
set_output_delay  -min  0           -clock clk   [all_outputs] ; # hold   time check 
1
set_input_delay 0 -clock clk clk
1
set_input_delay 0 -clock clk rst_n
1
#set_max_delay $CYCLE -from [all_inputs] -to [all_outputs]
# (D-3) Setting Design Environment
# set_driving_cell -library umc18io3v5v_slow -lib_cell P2C    -pin {Y}  [get_ports clk]
# set_driving_cell -library umc18io3v5v_slow -lib_cell P2C    -pin {Y}  [remove_from_collection [all_inputs] [get_ports clk]]
# set_load  [load_of "umc18io3v5v_slow/P8C/A"]       [all_outputs] ; # ~= 0.038
set_load 0.05 [all_outputs]
1
# (D-4) Setting DRC Constraint
#set_max_delay           0     ; # Optimize delay max effort                 
#set_max_area            0      ; # Optimize area max effort           
set_max_transition      3       [all_inputs]   ; # U18 LUT Max Transition Value  
1
set_max_capacitance     0.15    [all_inputs]   ; # U18 LUT Max Capacitance Value
1
set_max_fanout          10      [all_inputs]
1
# set_dont_use slow/JKFF*
#set_dont_touch [get_cells core_reg_macro]
#set hdlin_ff_always_sync_set_reset true
# (D-5) Report Clock skew
report_clock -skew clk
Information: Checking out the license 'DesignWare'. (SEC-104)
  Allocating blocks in 'DW_fp_mult_sig_width52_exp_width11_ieee_compliance0'
Information: Changed wire load model for 'alt1' from '(none)' to 'Small'. (OPT-170)
Information: Changed wire load model for 'pparch' from '(none)' to 'Small'. (OPT-170)
Information: Changed wire load model for 'alt1' from '(none)' to 'Small'. (OPT-170)
Information: Changed wire load model for 'apparch' from '(none)' to 'Small'. (OPT-170)
Information: Changed wire load model for 'alt1' from '(none)' to 'Small'. (OPT-170)
Information: Changed wire load model for 'pparch' from '(none)' to 'Small'. (OPT-170)
Information: Changed wire load model for 'alt1' from '(none)' to 'Small'. (OPT-170)
Information: Changed wire load model for 'apparch' from '(none)' to 'Small'. (OPT-170)
Information: Changed wire load model for 'alt1' from '(none)' to 'Small'. (OPT-170)
Information: Changed wire load model for 'pparch' from '(none)' to 'Small'. (OPT-170)
Information: Changed wire load model for 'alt1' from '(none)' to 'Small'. (OPT-170)
Information: Changed wire load model for 'apparch' from '(none)' to 'Small'. (OPT-170)
  Allocating blocks in 'DW_lzd_a_width53'
  Allocating blocks in 'DW_lzod_a_width53_detect_10'
Information: Changed wire load model for 'alt1' from '(none)' to 'Small'. (OPT-170)
Information: Changed wire load model for 'apparch' from '(none)' to 'Small'. (OPT-170)
Information: Changed wire load model for 'alt1' from '(none)' to 'Small'. (OPT-170)
Information: Changed wire load model for 'apparch' from '(none)' to 'Small'. (OPT-170)
Information: Changed wire load model for 'alt1' from '(none)' to 'Small'. (OPT-170)
Information: Changed wire load model for 'apparch' from '(none)' to 'Small'. (OPT-170)
Information: Changed wire load model for 'alt1' from '(none)' to 'Small'. (OPT-170)
Information: Changed wire load model for 'apparch' from '(none)' to 'Small'. (OPT-170)
Information: Changed wire load model for 'alt1' from '(none)' to 'Small'. (OPT-170)
Information: Changed wire load model for 'apparch' from '(none)' to 'Small'. (OPT-170)
Information: Changed wire load model for 'alt1' from '(none)' to 'Small'. (OPT-170)
Information: Changed wire load model for 'apparch' from '(none)' to 'Small'. (OPT-170)
Information: Changed wire load model for 'alt1' from '(none)' to 'Small'. (OPT-170)
Information: Changed wire load model for 'apparch' from '(none)' to 'Small'. (OPT-170)
Information: Changed wire load model for 'alt1' from '(none)' to 'Small'. (OPT-170)
Information: Changed wire load model for 'apparch' from '(none)' to 'Small'. (OPT-170)
Information: Changed wire load model for 'alt1' from '(none)' to 'Small'. (OPT-170)
Information: Changed wire load model for 'apparch' from '(none)' to 'Small'. (OPT-170)
  Allocating blocks in 'DW_fp_sub_sig_width52_exp_width11_ieee_compliance0'
  Allocating blocks in 'DW_fp_addsub_sig_width52_exp_width11_ieee_compliance0'
Information: Changed wire load model for 'alt1' from '(none)' to 'Small'. (OPT-170)
Information: Changed wire load model for 'pparch' from '(none)' to 'Small'. (OPT-170)
Information: Changed wire load model for 'alt1' from '(none)' to 'Small'. (OPT-170)
Information: Changed wire load model for 'apparch' from '(none)' to 'Small'. (OPT-170)
Information: Changed wire load model for 'alt1' from '(none)' to 'Small'. (OPT-170)
Information: Changed wire load model for 'astr' from '(none)' to 'Small'. (OPT-170)
Information: Changed wire load model for 'alt1' from '(none)' to 'Small'. (OPT-170)
Information: Changed wire load model for 'astr' from '(none)' to 'Small'. (OPT-170)
Information: Changed wire load model for 'alt1' from '(none)' to 'Small'. (OPT-170)
Information: Changed wire load model for 'astr' from '(none)' to 'Small'. (OPT-170)
  Allocating blocks in 'DW_lzd_a_width56'
  Allocating blocks in 'DW_lzod_a_width56_detect_10'
Information: Changed wire load model for 'alt1' from '(none)' to 'Small'. (OPT-170)
Information: Changed wire load model for 'astr' from '(none)' to 'Small'. (OPT-170)
Information: Changed wire load model for 'alt1' from '(none)' to 'Small'. (OPT-170)
Information: Changed wire load model for 'astr' from '(none)' to 'Small'. (OPT-170)
Information: Changed wire load model for 'alt1' from '(none)' to 'Small'. (OPT-170)
Information: Changed wire load model for 'astr' from '(none)' to 'Small'. (OPT-170)
Information: Changed wire load model for 'alt1' from '(none)' to 'Small'. (OPT-170)
Information: Changed wire load model for 'apparch' from '(none)' to 'Small'. (OPT-170)
Warning: Dont_touch on net '*cell*6/*Logic0*' may be overridden by compile because it
        is connected to generic logic. Use all_connected to see net
        connections. (OPT-461)
Information: Changed wire load model for 'alt1' from '(none)' to 'Small'. (OPT-170)
Information: Changed wire load model for 'apparch' from '(none)' to 'Small'. (OPT-170)
Information: Changed wire load model for 'alt1' from '(none)' to 'Small'. (OPT-170)
Information: Changed wire load model for 'astr' from '(none)' to 'Small'. (OPT-170)
Information: Changed wire load model for 'alt1' from '(none)' to 'Small'. (OPT-170)
Information: Changed wire load model for 'astr' from '(none)' to 'Small'. (OPT-170)
  Allocating blocks in 'DW_fp_addsub_sig_width52_exp_width11_ieee_compliance0'
Information: Changed wire load model for 'alt1' from '(none)' to 'Small'. (OPT-170)
Information: Changed wire load model for 'astr' from '(none)' to 'Small'. (OPT-170)
Information: Changed wire load model for 'alt1' from '(none)' to 'Small'. (OPT-170)
Information: Changed wire load model for 'astr' from '(none)' to 'Small'. (OPT-170)
Information: Changed wire load model for 'alt1' from '(none)' to 'Small'. (OPT-170)
Information: Changed wire load model for 'astr' from '(none)' to 'Small'. (OPT-170)
Information: Changed wire load model for 'alt1' from '(none)' to 'Small'. (OPT-170)
Information: Changed wire load model for 'apparch' from '(none)' to 'Small'. (OPT-170)
Information: Changed wire load model for 'alt1' from '(none)' to 'Small'. (OPT-170)
Information: Changed wire load model for 'apparch' from '(none)' to 'Small'. (OPT-170)
Information: Changed wire load model for 'alt1' from '(none)' to 'Small'. (OPT-170)
Information: Changed wire load model for 'astr' from '(none)' to 'Small'. (OPT-170)
  Allocating blocks in 'DW_lzd_a_width56'
Information: Changed wire load model for 'alt1' from '(none)' to 'Small'. (OPT-170)
Information: Changed wire load model for 'astr' from '(none)' to 'Small'. (OPT-170)
  Allocating blocks in 'DW_fp_add_sig_width52_exp_width11_ieee_compliance0'
Warning: Dont_touch on net '*cell*6/*Logic0*' may be overridden by compile because it
        is connected to generic logic. Use all_connected to see net
        connections. (OPT-461)
Information: Changed wire load model for 'alt1' from '(none)' to 'Small'. (OPT-170)
Information: Changed wire load model for 'apparch' from '(none)' to 'Small'. (OPT-170)
Information: Changed wire load model for 'alt1' from '(none)' to 'Small'. (OPT-170)
Information: Changed wire load model for 'astr' from '(none)' to 'Small'. (OPT-170)
Information: Changed wire load model for 'alt1' from '(none)' to 'Small'. (OPT-170)
Information: Changed wire load model for 'astr' from '(none)' to 'Small'. (OPT-170)
Information: Updating design information... (UID-85)
Warning: Design 'FFT' contains 37 high-fanout nets. A fanout number of 1000 will be used for delay calculations involving these nets. (TIM-134)
 
****************************************
Report : clock_skew
Design : FFT
Version: T-2022.03
Date   : Fri Jul 25 01:00:09 2025
****************************************

                 Rise      Fall  Min Rise  Min fall        Uncertainty
Object          Delay     Delay     Delay     Delay     Plus      Minus
--------------------------------------------------------------------------------
clk                 -         -         -         -      0.10      0.10

                 Max Transition      Min Transition
Object           Rise      Fall      Rise      Fall
-------------------------------------------------------
clk              0.10      0.10      0.10      0.10
1
check_timing

Information: Checking generated_clocks...

Information: Checking loops...

Information: Checking no_input_delay...

Information: Checking unconstrained_endpoints...

Information: Checking pulse_clock_cell_type...

Information: Checking no_driving_cell...

Information: Checking partial_input_delay...
1
#======================================================
#  (E) Optimization
#======================================================
check_design > Report/$DESIGN\.check
set_fix_multiple_port_nets -all -buffer_constants [get_designs *]
1
set_fix_hold [all_clocks]
1
compile_ultra
Information: Performing power optimization. (PWR-850)
Alib files are up-to-date.
Information: Running optimization using a maximum of 4 cores. (OPT-1500)
Information: Evaluating DesignWare library utilization. (UISN-27)

============================================================================
| DesignWare Building Block Library  |         Version         | Available |
============================================================================
| Basic DW Building Blocks           | S-2021.06-DWBB_202106.0 |     *     |
| Licensed DW Building Blocks        | S-2021.06-DWBB_202106.0 |     *     |
============================================================================

====================================================================================================
| Flow Information                                                                                 |
----------------------------------------------------------------------------------------------------
| Flow         | Design Compiler NXT WLM                                                           |
| Comand line  | compile_ultra                                                                     |
====================================================================================================
| Design Information                                      | Value                                  |
====================================================================================================
| Number of Scenarios                                     | 0                                      |
| Leaf Cell Count                                         | 39297                                  |
| Number of User Hierarchies                              | 48                                     |
| Sequential Cell Count                                   | 38256                                  |
| Macro Count                                             | 0                                      |
| Number of Power Domains                                 | 0                                      |
| Number of Path Groups                                   | 2                                      |
| Number of VT class                                      | 0                                      |
| Number of Clocks                                        | 1                                      |
| Number of Dont Touch cells                              | 353                                    |
| Number of Dont Touch nets                               | 25                                     |
| Number of size only cells                               | 0                                      |
| Design with UPF Data                                    | false                                  |
----------------------------------------------------------------------------------------------------
| Variables                                               | Value                                  |
----------------------------------------------------------------------------------------------------
| set_fix_multiple_port_nets                              | -all -buffer_constants                 |
====================================================================================================
Information: Sequential output inversion is enabled.  SVF file must be used for formal verification. (OPT-1208)

Information: There are 547 potential problems in your design. Please run 'check_design' for more information. (LINT-99)

Information: Uniquified 8 instances of design 'BUTTERFLY_FLOAT_PRECISION64'. (OPT-1056)
Information: Uniquified 8 instances of design 'FPC_MUL_FLOAT_PRECISION64'. (OPT-1056)
Information: Uniquified 8 instances of design 'FPC_ADD_FLOAT_PRECISION64'. (OPT-1056)
Information: Uniquified 8 instances of design 'FPC_SUB_FLOAT_PRECISION64'. (OPT-1056)
  Simplifying Design 'FFT'

Loaded alib file './alib-52/sc9_cln40g_base_rvt_ss_typical_max_0p81v_125c.db.alib' (placeholder)
Loaded alib file './alib-52/sc9_cln40g_base_hvt_ss_typical_max_0p81v_125c.db.alib'
Loaded alib file './alib-52/sc9_cln40g_base_lvt_ss_typical_max_0p81v_125c.db.alib' (placeholder)
  Building model 'DW01_NAND2'
Information: Ungrouping hierarchy u_stage_1 before Pass 1 (OPT-776)
Information: Ungrouping hierarchy u_stage_2 before Pass 1 (OPT-776)
Information: Ungrouping hierarchy u_stage_3 before Pass 1 (OPT-776)
Information: Ungrouping hierarchy u_stage_4 before Pass 1 (OPT-776)
Information: Ungrouping hierarchy u_stage_5 before Pass 1 (OPT-776)
Information: Ungrouping hierarchy u_stage_6 before Pass 1 (OPT-776)
Information: Ungrouping hierarchy u_stage_7 before Pass 1 (OPT-776)
Information: Ungrouping hierarchy u_stage_8 before Pass 1 (OPT-776)
Information: Ungrouping hierarchy u_stage_1/u_BUTTERFLY before Pass 1 (OPT-776)
Information: Ungrouping hierarchy u_stage_1/u_FPC_MUL before Pass 1 (OPT-776)
Information: Ungrouping hierarchy u_stage_3/u_DELAY_BUFFER before Pass 1 (OPT-776)
Information: Ungrouping hierarchy u_stage_4/u_DELAY_BUFFER before Pass 1 (OPT-776)
Information: Ungrouping hierarchy u_stage_5/u_DELAY_BUFFER before Pass 1 (OPT-776)
Information: Ungrouping hierarchy u_stage_6/u_DELAY_BUFFER before Pass 1 (OPT-776)
Information: Ungrouping hierarchy u_stage_7/u_DELAY_BUFFER before Pass 1 (OPT-776)
Information: Ungrouping hierarchy u_stage_8/u_DELAY_BUFFER before Pass 1 (OPT-776)
Information: Ungrouping hierarchy u_stage_8/u_BUTTERFLY before Pass 1 (OPT-776)
Information: Ungrouping hierarchy u_stage_7/u_BUTTERFLY before Pass 1 (OPT-776)
Information: Ungrouping hierarchy u_stage_6/u_BUTTERFLY before Pass 1 (OPT-776)
Information: Ungrouping hierarchy u_stage_5/u_BUTTERFLY before Pass 1 (OPT-776)
Information: Ungrouping hierarchy u_stage_4/u_BUTTERFLY before Pass 1 (OPT-776)
Information: Ungrouping hierarchy u_stage_3/u_BUTTERFLY before Pass 1 (OPT-776)
Information: Ungrouping hierarchy u_stage_2/u_BUTTERFLY before Pass 1 (OPT-776)
Information: Ungrouping hierarchy u_stage_8/u_FPC_MUL before Pass 1 (OPT-776)
Information: Ungrouping hierarchy u_stage_7/u_FPC_MUL before Pass 1 (OPT-776)
Information: Ungrouping hierarchy u_stage_6/u_FPC_MUL before Pass 1 (OPT-776)
Information: Ungrouping hierarchy u_stage_5/u_FPC_MUL before Pass 1 (OPT-776)
Information: Ungrouping hierarchy u_stage_4/u_FPC_MUL before Pass 1 (OPT-776)
Information: Ungrouping hierarchy u_stage_3/u_FPC_MUL before Pass 1 (OPT-776)
Information: Ungrouping hierarchy u_stage_2/u_FPC_MUL before Pass 1 (OPT-776)
Information: Ungrouping hierarchy u_stage_1/u_BUTTERFLY/u_FPC_ADD before Pass 1 (OPT-776)
Information: Ungrouping hierarchy u_stage_1/u_BUTTERFLY/u_FPC_SUB before Pass 1 (OPT-776)
Information: Ungrouping hierarchy u_stage_8/u_BUTTERFLY/u_FPC_ADD before Pass 1 (OPT-776)
Information: Ungrouping hierarchy u_stage_7/u_BUTTERFLY/u_FPC_ADD before Pass 1 (OPT-776)
Information: Ungrouping hierarchy u_stage_6/u_BUTTERFLY/u_FPC_ADD before Pass 1 (OPT-776)
Information: Ungrouping hierarchy u_stage_5/u_BUTTERFLY/u_FPC_ADD before Pass 1 (OPT-776)
Information: Ungrouping hierarchy u_stage_4/u_BUTTERFLY/u_FPC_ADD before Pass 1 (OPT-776)
Information: Ungrouping hierarchy u_stage_3/u_BUTTERFLY/u_FPC_ADD before Pass 1 (OPT-776)
Information: Ungrouping hierarchy u_stage_2/u_BUTTERFLY/u_FPC_ADD before Pass 1 (OPT-776)
Information: Ungrouping hierarchy u_stage_8/u_BUTTERFLY/u_FPC_SUB before Pass 1 (OPT-776)
Information: Ungrouping hierarchy u_stage_7/u_BUTTERFLY/u_FPC_SUB before Pass 1 (OPT-776)
Information: Ungrouping hierarchy u_stage_6/u_BUTTERFLY/u_FPC_SUB before Pass 1 (OPT-776)
Information: Ungrouping hierarchy u_stage_5/u_BUTTERFLY/u_FPC_SUB before Pass 1 (OPT-776)
Information: Ungrouping hierarchy u_stage_4/u_BUTTERFLY/u_FPC_SUB before Pass 1 (OPT-776)
Information: Ungrouping hierarchy u_stage_3/u_BUTTERFLY/u_FPC_SUB before Pass 1 (OPT-776)
Information: Ungrouping hierarchy u_stage_2/u_BUTTERFLY/u_FPC_SUB before Pass 1 (OPT-776)
Information: Ungrouping 46 of 49 hierarchies before Pass 1 (OPT-775)
Information: State dependent leakage is now switched from on to off.

  Beginning Pass 1 Mapping
  ------------------------
...........
  Processing 'DELAY_BUFFER_FLOAT_PRECISION64_DEPTH128'
  Processing 'FFT'
Information: Added key list 'DesignWare' to design 'FFT'. (DDB-72)
 Implement Synthetic for 'FFT'.
  Processing 'FFT_DW_fp_addsub_J2_0'
  Processing 'FFT_DW_lzd_J2_0'
  Processing 'FFT_DW_fp_addsub_J2_1'
  Processing 'FFT_DW_lzd_J2_1'
  Processing 'FFT_DW_fp_addsub_J2_2'
  Processing 'FFT_DW_lzd_J2_2'
  Processing 'FFT_DW_fp_addsub_J2_3'
  Processing 'FFT_DW_lzd_J2_3'
  Processing 'FFT_DW_fp_addsub_J2_4'
  Processing 'FFT_DW_lzd_J2_4'
  Processing 'FFT_DW_fp_addsub_J2_5'
  Processing 'FFT_DW_lzd_J2_5'
  Processing 'FFT_DW_fp_addsub_J2_6'
  Processing 'FFT_DW_lzd_J2_6'
  Processing 'FFT_DW_fp_addsub_J2_7'
  Processing 'FFT_DW_lzd_J2_7'
  Processing 'FFT_DW_fp_addsub_J2_8'
  Processing 'FFT_DW_lzd_J2_8'
  Processing 'FFT_DW_fp_addsub_J2_9'
  Processing 'FFT_DW_lzd_J2_9'
  Processing 'FFT_DW_fp_addsub_J2_10'
  Processing 'FFT_DW_lzd_J2_10'
  Processing 'FFT_DW_fp_addsub_J2_11'
  Processing 'FFT_DW_lzd_J2_11'
  Processing 'FFT_DW_fp_addsub_J2_12'
  Processing 'FFT_DW_lzd_J2_12'
  Processing 'FFT_DW_fp_addsub_J2_13'
  Processing 'FFT_DW_lzd_J2_13'
  Processing 'FFT_DW_fp_addsub_J2_14'
  Processing 'FFT_DW_lzd_J2_14'
  Processing 'FFT_DW_fp_addsub_J2_15'
  Processing 'FFT_DW_lzd_J2_15'
  Processing 'FFT_DW_fp_addsub_J2_16'
  Processing 'FFT_DW_lzd_J2_16'
  Processing 'FFT_DW_fp_addsub_J2_17'
  Processing 'FFT_DW_lzd_J2_17'
  Processing 'FFT_DW_fp_addsub_J2_18'
  Processing 'FFT_DW_lzd_J2_18'
  Processing 'FFT_DW_fp_addsub_J2_19'
  Processing 'FFT_DW_lzd_J2_19'
  Processing 'FFT_DW_fp_addsub_J2_20'
  Processing 'FFT_DW_lzd_J2_20'
  Processing 'FFT_DW_fp_addsub_J2_21'
  Processing 'FFT_DW_lzd_J2_21'
  Processing 'FFT_DW_fp_addsub_J2_22'
  Processing 'FFT_DW_lzd_J2_22'
  Processing 'FFT_DW_fp_addsub_J2_23'
  Processing 'FFT_DW_lzd_J2_23'
  Processing 'FFT_DW_fp_addsub_J2_24'
  Processing 'FFT_DW_lzd_J2_24'
  Processing 'FFT_DW_fp_addsub_J2_25'
  Processing 'FFT_DW_lzd_J2_25'
  Processing 'FFT_DW_fp_addsub_J2_26'
  Processing 'FFT_DW_lzd_J2_26'
  Processing 'FFT_DW_fp_addsub_J2_27'
  Processing 'FFT_DW_lzd_J2_27'
  Processing 'FFT_DW_fp_addsub_J2_28'
  Processing 'FFT_DW_lzd_J2_28'
  Processing 'FFT_DW_fp_addsub_J2_29'
  Processing 'FFT_DW_lzd_J2_29'
  Processing 'FFT_DW_fp_addsub_J2_30'
  Processing 'FFT_DW_lzd_J2_30'
  Processing 'FFT_DW_fp_addsub_J2_31'
  Processing 'FFT_DW_lzd_J2_31'
  Processing 'FFT_DW_fp_mult_J2_0'
  Processing 'FFT_DW_lzd_J2_32'
  Processing 'FFT_DW_lzd_J2_33'
  Processing 'FFT_DW_fp_mult_J2_1'
  Processing 'FFT_DW_lzd_J2_34'
  Processing 'FFT_DW_lzd_J2_35'
  Processing 'FFT_DW_fp_mult_J2_2'
  Processing 'FFT_DW_lzd_J2_36'
  Processing 'FFT_DW_lzd_J2_37'
  Processing 'FFT_DW_fp_mult_J2_3'
  Processing 'FFT_DW_lzd_J2_38'
  Processing 'FFT_DW_lzd_J2_39'
  Processing 'FFT_DW_fp_addsub_J2_32'
  Processing 'FFT_DW_lzd_J2_40'
  Processing 'FFT_DW_fp_addsub_J2_33'
  Processing 'FFT_DW_lzd_J2_41'
  Processing 'FFT_DW_fp_mult_J2_4'
  Processing 'FFT_DW_lzd_J2_42'
  Processing 'FFT_DW_lzd_J2_43'
  Processing 'FFT_DW_fp_mult_J2_5'
  Processing 'FFT_DW_lzd_J2_44'
  Processing 'FFT_DW_lzd_J2_45'
  Processing 'FFT_DW_fp_mult_J2_6'
  Processing 'FFT_DW_lzd_J2_46'
  Processing 'FFT_DW_lzd_J2_47'
  Processing 'FFT_DW_fp_mult_J2_7'
  Processing 'FFT_DW_lzd_J2_48'
  Processing 'FFT_DW_lzd_J2_49'
  Processing 'FFT_DW_fp_addsub_J2_34'
  Processing 'FFT_DW_lzd_J2_50'
  Processing 'FFT_DW_fp_addsub_J2_35'
  Processing 'FFT_DW_lzd_J2_51'
  Processing 'FFT_DW_fp_mult_J2_8'
  Processing 'FFT_DW_lzd_J2_52'
  Processing 'FFT_DW_lzd_J2_53'
  Processing 'FFT_DW_fp_mult_J2_9'
  Processing 'FFT_DW_lzd_J2_54'
  Processing 'FFT_DW_lzd_J2_55'
  Processing 'FFT_DW_fp_mult_J2_10'
  Processing 'FFT_DW_lzd_J2_56'
  Processing 'FFT_DW_lzd_J2_57'
  Processing 'FFT_DW_fp_mult_J2_11'
  Processing 'FFT_DW_lzd_J2_58'
  Processing 'FFT_DW_lzd_J2_59'
  Processing 'FFT_DW_fp_addsub_J2_36'
  Processing 'FFT_DW_lzd_J2_60'
  Processing 'FFT_DW_fp_addsub_J2_37'
  Processing 'FFT_DW_lzd_J2_61'
  Processing 'FFT_DW_fp_mult_J2_12'
  Processing 'FFT_DW_lzd_J2_62'
  Processing 'FFT_DW_lzd_J2_63'
  Processing 'FFT_DW_fp_mult_J2_13'
  Processing 'FFT_DW_lzd_J2_64'
  Processing 'FFT_DW_lzd_J2_65'
  Processing 'FFT_DW_fp_mult_J2_14'
  Processing 'FFT_DW_lzd_J2_66'
  Processing 'FFT_DW_lzd_J2_67'
  Processing 'FFT_DW_fp_mult_J2_15'
  Processing 'FFT_DW_lzd_J2_68'
  Processing 'FFT_DW_lzd_J2_69'
  Processing 'FFT_DW_fp_addsub_J2_38'
  Processing 'FFT_DW_lzd_J2_70'
  Processing 'FFT_DW_fp_addsub_J2_39'
  Processing 'FFT_DW_lzd_J2_71'
  Processing 'FFT_DW_fp_mult_J2_16'
  Processing 'FFT_DW_lzd_J2_72'
  Processing 'FFT_DW_lzd_J2_73'
  Processing 'FFT_DW_fp_mult_J2_17'
  Processing 'FFT_DW_lzd_J2_74'
  Processing 'FFT_DW_lzd_J2_75'
  Processing 'FFT_DW_fp_mult_J2_18'
  Processing 'FFT_DW_lzd_J2_76'
  Processing 'FFT_DW_lzd_J2_77'
  Processing 'FFT_DW_fp_mult_J2_19'
  Processing 'FFT_DW_lzd_J2_78'
  Processing 'FFT_DW_lzd_J2_79'
  Processing 'FFT_DW_fp_addsub_J2_40'
  Processing 'FFT_DW_lzd_J2_80'
  Processing 'FFT_DW_fp_addsub_J2_41'
  Processing 'FFT_DW_lzd_J2_81'
  Processing 'FFT_DW_fp_mult_J2_20'
  Processing 'FFT_DW_lzd_J2_82'
  Processing 'FFT_DW_lzd_J2_83'
  Processing 'FFT_DW_fp_mult_J2_21'
  Processing 'FFT_DW_lzd_J2_84'
  Processing 'FFT_DW_lzd_J2_85'
  Processing 'FFT_DW_fp_mult_J2_22'
  Processing 'FFT_DW_lzd_J2_86'
  Processing 'FFT_DW_lzd_J2_87'
  Processing 'FFT_DW_fp_mult_J2_23'
  Processing 'FFT_DW_lzd_J2_88'
  Processing 'FFT_DW_lzd_J2_89'
  Processing 'FFT_DW_fp_addsub_J2_42'
  Processing 'FFT_DW_lzd_J2_90'
  Processing 'FFT_DW_fp_addsub_J2_43'
  Processing 'FFT_DW_lzd_J2_91'
  Processing 'FFT_DW_fp_mult_J2_24'
  Processing 'FFT_DW_lzd_J2_92'
  Processing 'FFT_DW_lzd_J2_93'
  Processing 'FFT_DW_fp_mult_J2_25'
  Processing 'FFT_DW_lzd_J2_94'
  Processing 'FFT_DW_lzd_J2_95'
  Processing 'FFT_DW_fp_mult_J2_26'
  Processing 'FFT_DW_lzd_J2_96'
  Processing 'FFT_DW_lzd_J2_97'
  Processing 'FFT_DW_fp_mult_J2_27'
  Processing 'FFT_DW_lzd_J2_98'
  Processing 'FFT_DW_lzd_J2_99'
  Processing 'FFT_DW_fp_addsub_J2_44'
  Processing 'FFT_DW_lzd_J2_100'
  Processing 'FFT_DW_fp_addsub_J2_45'
  Processing 'FFT_DW_lzd_J2_101'
  Processing 'FFT_DW_fp_mult_J2_28'
  Processing 'FFT_DW_lzd_J2_102'
  Processing 'FFT_DW_lzd_J2_103'
  Processing 'FFT_DW_fp_mult_J2_29'
  Processing 'FFT_DW_lzd_J2_104'
  Processing 'FFT_DW_lzd_J2_105'
  Processing 'FFT_DW_fp_mult_J2_30'
  Processing 'FFT_DW_lzd_J2_106'
  Processing 'FFT_DW_lzd_J2_107'
  Processing 'FFT_DW_fp_mult_J2_31'
  Processing 'FFT_DW_lzd_J2_108'
  Processing 'FFT_DW_lzd_J2_109'
  Processing 'FFT_DW_fp_addsub_J2_46'
  Processing 'FFT_DW_lzd_J2_110'
  Processing 'FFT_DW_fp_addsub_J2_47'
  Processing 'FFT_DW_lzd_J2_111'
  Processing 'DELAY_BUFFER_FLOAT_PRECISION64_DEPTH64'

  Updating timing information
Information: Updating design information... (UID-85)
Information: The library cell 'TIELO_X1M_A9TR' in the library 'sc9_cln40g_base_rvt_ss_typical_max_0p81v_125c' is not characterized for internal power. (PWR-536)
Information: The library cell 'TIEHI_X1M_A9TR' in the library 'sc9_cln40g_base_rvt_ss_typical_max_0p81v_125c' is not characterized for internal power. (PWR-536)
Information: The library cell 'TIELO_X1M_A9TH' in the library 'sc9_cln40g_base_hvt_ss_typical_max_0p81v_125c' is not characterized for internal power. (PWR-536)
Information: The library cell 'TIEHI_X1M_A9TH' in the library 'sc9_cln40g_base_hvt_ss_typical_max_0p81v_125c' is not characterized for internal power. (PWR-536)
Information: The library cell 'TIELO_X1M_A9TL' in the library 'sc9_cln40g_base_lvt_ss_typical_max_0p81v_125c' is not characterized for internal power. (PWR-536)
Information: The library cell 'TIEHI_X1M_A9TL' in the library 'sc9_cln40g_base_lvt_ss_typical_max_0p81v_125c' is not characterized for internal power. (PWR-536)
Information: The target library(s) contains cell(s), other than black boxes, that are not characterized for internal power. (PWR-24)
Information: Complementing port 'rst_n' in design 'DELAY_BUFFER_FLOAT_PRECISION64_DEPTH128'.
         The new name of the port is 'rst_n_BAR'. (OPT-319)
Information: Complementing port 'rst_n' in design 'DELAY_BUFFER_FLOAT_PRECISION64_DEPTH64'.
         The new name of the port is 'rst_n_BAR'. (OPT-319)
Information: Complementing port 'ena' in design 'DELAY_BUFFER_FLOAT_PRECISION64_DEPTH128'.
         The new name of the port is 'ena_BAR'. (OPT-319)
Information: Complementing port 'rst_n_BAR' in design 'DELAY_BUFFER_FLOAT_PRECISION64_DEPTH64'.
         The new name of the port is 'rst_n'. (OPT-319)
Information: Complementing port 'rst_n_BAR' in design 'DELAY_BUFFER_FLOAT_PRECISION64_DEPTH128'.
         The new name of the port is 'rst_n'. (OPT-319)

  Beginning Mapping Optimizations  (Ultra High effort)
  -------------------------------
  Mapping Optimization (Phase 1)
  Mapping Optimization (Phase 2)
  Mapping Optimization (Phase 3)
  Mapping Optimization (Phase 4)
  Mapping Optimization (Phase 5)
  Mapping Optimization (Phase 6)
  Mapping Optimization (Phase 7)
  Mapping Optimization (Phase 8)
  Mapping Optimization (Phase 9)
  Mapping Optimization (Phase 10)
  Mapping Optimization (Phase 11)
  Mapping Optimization (Phase 12)
  Mapping Optimization (Phase 13)
  Mapping Optimization (Phase 14)
  Mapping Optimization (Phase 15)
  Mapping Optimization (Phase 16)
  Mapping Optimization (Phase 17)
  Mapping Optimization (Phase 18)
  Mapping Optimization (Phase 19)
  Mapping Optimization (Phase 20)
  Mapping Optimization (Phase 21)
  Mapping Optimization (Phase 22)
  Mapping Optimization (Phase 23)
  Mapping Optimization (Phase 24)
  Mapping Optimization (Phase 25)
  Mapping Optimization (Phase 26)
  Mapping Optimization (Phase 27)
  Mapping Optimization (Phase 28)
  Mapping Optimization (Phase 29)
  Mapping Optimization (Phase 30)
  Mapping Optimization (Phase 31)
  Mapping Optimization (Phase 32)
  Mapping Optimization (Phase 33)
  Mapping Optimization (Phase 34)
  Mapping Optimization (Phase 35)
  Mapping Optimization (Phase 36)
  Mapping Optimization (Phase 37)
  Mapping Optimization (Phase 38)
  Mapping Optimization (Phase 39)
  Mapping Optimization (Phase 40)
  Mapping Optimization (Phase 41)
  Mapping Optimization (Phase 42)
  Mapping Optimization (Phase 43)
  Mapping Optimization (Phase 44)
  Mapping Optimization (Phase 45)
  Mapping Optimization (Phase 46)
  Mapping Optimization (Phase 47)
  Mapping Optimization (Phase 48)
  Mapping Optimization (Phase 49)

                                  TOTAL                                                            
   ELAPSED            WORST NEG   SETUP    DESIGN                              LEAKAGE   MIN DELAY 
    TIME      AREA      SLACK     COST    RULE COST         ENDPOINT            POWER      COST    
  --------- --------- --------- --------- --------- ------------------------- --------- -----------
    0:29:01 2097971.4      2.02    8968.3      59.4                           14435.6133      0.00  
    0:29:18 2065249.4      3.65   11077.1    4789.2                           14214.4141      0.00  

  Beginning Constant Register Removal
  -----------------------------------
    0:29:28 2067437.6      3.56   10494.9    3687.1                           14240.1338      0.00  
    0:29:42 2065251.9      3.56   10528.8    4509.4                           14226.5391      0.00  

  Beginning Global Optimizations
  ------------------------------
  Numerical Synthesis (Phase 1)
  Numerical Synthesis (Phase 2)
  Global Optimization (Phase 1)
  Global Optimization (Phase 2)
  Global Optimization (Phase 3)
  Global Optimization (Phase 4)
  Global Optimization (Phase 5)
  Global Optimization (Phase 6)
  Global Optimization (Phase 7)
  Global Optimization (Phase 8)
  Global Optimization (Phase 9)
  Global Optimization (Phase 10)
  Global Optimization (Phase 11)
  Global Optimization (Phase 12)
  Global Optimization (Phase 13)
  Global Optimization (Phase 14)
  Global Optimization (Phase 15)
  Global Optimization (Phase 16)
  Global Optimization (Phase 17)
  Global Optimization (Phase 18)
  Global Optimization (Phase 19)
  Global Optimization (Phase 20)
  Global Optimization (Phase 21)
  Global Optimization (Phase 22)
  Global Optimization (Phase 23)
  Global Optimization (Phase 24)
  Global Optimization (Phase 25)
  Global Optimization (Phase 26)
  Global Optimization (Phase 27)
  Global Optimization (Phase 28)
  Global Optimization (Phase 29)
  Global Optimization (Phase 30)
  Global Optimization (Phase 31)
  Global Optimization (Phase 32)
  Global Optimization (Phase 33)
  Global Optimization (Phase 34)
  Mapping 'FFT_DP_OP_66J14_524_2805_3'

  Beginning Isolate Ports
  -----------------------

  Beginning Delay Optimization
  ----------------------------
    0:32:05 1130752.9      3.36   11010.7    3205.2                           6572.1777      0.00  
    0:32:12 1133677.2      2.30    9990.1    2629.1                           6597.8262      0.00  
    0:32:12 1133677.2      2.30    9990.1    2629.1                           6597.8262      0.00  
    0:32:13 1133697.2      2.30    9998.1    2589.0                           6598.0391      0.00  
.........
    0:34:17 1131837.2      2.79   11512.9    3556.7                           6586.1675      0.00  
    0:34:40 1123513.0      3.26   11812.7    3715.7                           6527.7095      0.00  

  Beginning WLM Backend Optimization
  --------------------------------------
    0:37:01 1123051.4      3.26   11857.0    3715.0                           6517.7832      0.00  
    0:37:02 1122714.2      3.25   11856.5    3682.1                           6511.2080      0.00  
    0:37:03 1121900.0      3.25   11856.3    3589.4                           6499.3042      0.00  
    0:37:04 1121321.2      3.25   11839.9    3532.6                           6495.3506      0.00  
    0:37:05 1120732.2      3.25   11837.6    3531.3                           6490.5815      0.00  
    0:37:06 1120219.6      3.25   11834.4    3531.3                           6486.8140      0.00  
    0:37:07 1119512.2      3.25   11831.4    3531.3                           6481.8037      0.00  
    0:37:08 1118842.3      3.25   11829.9    3531.3                           6476.8516      0.00  
    0:37:08 1118269.6      3.24   11822.8    3528.9                           6472.7114      0.00  
    0:37:09 1117740.2      3.24   11823.3    3528.9                           6468.6489      0.00  
    0:37:10 1117198.2      3.24   11822.9    3525.5                           6464.4546      0.00  
    0:37:11 1116808.1      3.24   11822.4    3525.5                           6461.2666      0.00  
    0:37:11 1116255.4      3.24   11821.3    3525.5                           6456.6357      0.00  
    0:37:12 1115867.3      3.24   11820.2    3525.5                           6453.7949      0.00  
    0:37:13 1115618.1      3.24   11816.9    3525.5                           6451.1777      0.00  
    0:37:14 1114589.5      3.24   11788.0    3525.5                           6441.3306      0.00  
    0:37:34 1113979.0      3.24   11782.2    3472.3                           6436.8882      0.00  
    0:37:58 1113334.6      3.24   12102.0    3459.4                           6433.3301      0.00  
    0:38:00 1112438.8      3.24   12064.5    3458.9                           6424.7549      0.00  
    0:38:08 1111799.4      3.24   12048.5    3237.2                           6418.7837      0.00  
    0:38:10 1110912.6      3.24   11998.7    3202.7                           6410.5913      0.00  
    0:38:12 1109903.4      3.24   11998.6    3202.7                           6401.5508      0.00  
    0:38:13 1108581.4      3.24   12007.6    3202.7                           6388.9546      0.00  
    0:38:15 1107583.9      3.24   12009.0    3202.7                           6379.7197      0.00  
    0:38:16 1106037.1      3.24   11997.0    3196.1                           6364.2852      0.00  
    0:38:18 1104489.7      3.00   11943.2    3139.4                           6348.6514      0.00  
    0:38:19 1103404.7      2.93   11907.5    3037.5                           6337.8809      0.00  
    0:38:20 1102429.4      2.93   11904.2    3037.5                           6328.0928      0.00  
    0:38:22 1100943.2      2.93   11903.3    3033.5                           6313.0879      0.00  
    0:38:23 1099883.6      2.93   11900.9    3003.9                           6301.9233      0.00  
    0:38:24 1098907.4      2.93   11898.9    2996.2                           6291.3647      0.00  
    0:38:25 1098191.9      2.93   11899.3    2977.2                           6284.1074      0.00  
    0:38:25 1097908.4      2.93   11902.4    2977.2                           6281.1758      0.00  
    0:38:26 1097462.5      2.93   11901.4    2975.0                           6277.3540      0.00  
    0:38:26 1097397.0      2.93   11900.8    2975.0                           6277.0039      0.00  
    0:38:27 1097356.8      2.93   11900.8    2975.0                           6276.7466      0.00  
    0:38:27 1097062.7      2.93   11895.7    2975.0                           6274.0371      0.00  
    0:38:28 1096467.1      2.93   11868.4    2945.2                           6268.3960      0.00  
    0:38:30 1095420.8      2.86   11842.4    2945.2                           6258.6909      0.00  

  Beginning Delay Optimization HSVT Pass
  --------------------------------------
    0:38:31 1095407.5      2.86   11842.4    2945.2                           6258.5820      0.00  
    0:38:31 1095407.5      2.86   11842.4    2945.2                           6258.5820      0.00  
    0:38:31 1095407.5      2.86   11842.4    2945.2                           6258.5820      0.00  
    0:38:44 1111842.1      2.08   10295.2    3268.6                           6808.8301      0.00  
    0:38:45 1111842.1      2.08   10295.2    3268.6                           6808.8301      0.00  
    0:38:45 1111842.1      2.08   10295.2    3268.6                           6808.8301      0.00  
    0:38:45 1111842.1      2.08   10295.2    3268.6                           6808.8301      0.00  
    0:38:51 1117414.8      1.92    9649.5    3500.4                           7261.3569      0.00  
    0:38:53 1117414.8      1.92    9649.5    3500.4                           7261.3569      0.00  
    0:38:58 1116862.1      1.86    9438.4    3460.2                           7394.7349      0.00  
    0:39:02 1116597.2      1.86    9334.2    3434.6                           7465.8003      0.00  
    0:39:06 1116307.3      1.84    9196.5    3430.0                           7558.5459      0.00  
    0:39:10 1116208.9      1.83    9099.4    3400.2                           7619.8335      0.00  
    0:39:13 1116075.5      1.80    9026.6    3375.0                           7683.3882      0.00  
    0:39:16 1116023.6      1.80    8979.2    3379.0                           7729.1704      0.00  
    0:39:19 1115869.1      1.80    8892.7    3327.3                           7782.9692      0.00  
    0:39:22 1115711.3      1.80    8841.0    3333.4                           7824.9287      0.00  
    0:39:25 1115595.6      1.79    8775.1    3323.7                           7877.1675      0.00  
    0:39:28 1115423.2      1.79    8720.1    3276.7                           7922.6113      0.00  
    0:39:31 1115288.5      1.78    8654.4    3269.2                           7977.9404      0.00  
    0:39:33 1115294.9      1.78    8586.9    3049.8                           8059.0146      0.00  
    0:39:37 1115159.7      1.78    8522.5    3040.5                           8138.8179      0.00  
    0:39:40 1115093.3      1.78    8467.5    3041.2                           8219.2793      0.00  
    0:39:43 1115013.2      1.78    8422.5    3041.5                           8306.0371      0.00  
    0:39:44 1114965.6      1.78    8409.9    3029.3                           8339.4131      0.00  
    0:39:45 1114965.6      1.78    8409.9    3029.3                           8339.4131      0.00  
    0:40:07 1095773.1      1.77    7747.2    2330.7                           8401.5127      0.00  
    0:40:07 1095773.1      1.77    7747.2    2330.7                           8401.5127      0.00  
    0:40:21 1099784.3      1.54    7422.4    2064.3                           9292.0156      0.00  
    0:40:21 1099784.3      1.54    7422.4    2064.3                           9292.0156      0.00  
    0:41:22 1090458.9      0.78    3748.7    1483.4                           15864.1621      0.00  
    0:41:22 1090458.9      0.78    3748.7    1483.4                           15864.1621      0.00  
    0:41:41 1097662.1      0.76    3630.4    1564.4                           16554.8242      0.00  
    0:41:41 1097662.1      0.76    3630.4    1564.4                           16554.8242      0.00  
    0:44:42 1106161.2      0.27    1284.8    2012.5                           23705.2227      0.00  
    0:44:42 1106161.2      0.27    1284.8    2012.5                           23705.2227      0.00  
    0:45:23 1113698.9      0.28    1257.5    2050.6                           24250.6152      0.00  

  Beginning Delay Optimization
  ----------------------------
    0:45:23 1113698.9      0.28    1257.5    2050.6                           24250.6152      0.00  
